INFO    10 Feb 2025 14:17:28 Beanshell UI/Userview Permission - Script result: false
INFO    10 Feb 2025 14:17:29 Beanshell UI/Userview Permission - User found in group.
INFO    10 Feb 2025 14:17:29 Beanshell UI/Userview Permission - Script result: true
INFO    10 Feb 2025 14:17:29 Beanshell UI/Userview Permission - Checking if user ID: jack is in all three group IDs: G-000002, G-000003, G-000001, G-000009
INFO    10 Feb 2025 14:17:29 Beanshell UI/Userview Permission - User is not in FOUR groups.
INFO    10 Feb 2025 14:17:29 Beanshell UI/Userview Permission - Script result: false
INFO    10 Feb 2025 14:17:29 Beanshell UI/Userview Permission - Checking if user ID: jack is in all three group IDs: G-000002, G-000003, G-000001
INFO    10 Feb 2025 14:17:29 Beanshell UI/Userview Permission - User is not in THREE groups.
INFO    10 Feb 2025 14:17:29 Beanshell UI/Userview Permission - Script result: false
INFO    10 Feb 2025 14:17:29 Beanshell UI/Userview Permission - User does not meet the required group conditions.
INFO    10 Feb 2025 14:17:29 Beanshell UI/Userview Permission - Script result: false
INFO    10 Feb 2025 14:17:29 Beanshell UI/Userview Permission - User found in group.
INFO    10 Feb 2025 14:17:29 Beanshell UI/Userview Permission - Script result: true
INFO    10 Feb 2025 14:17:29 id.co.itasoft.istw.HashCheckIsValidApprovalURL - DEBUG MODE: variableKey : isTilakaUserLoginNextSequence[/jw/web/userview/istwDigitalSign/v/_/dashboard;]
INFO    10 Feb 2025 14:17:29 id.co.itasoft.istw.HashCheckIsValidApprovalURL - DEBUG MODE: url : /jw/web/userview/istwDigitalSign/v/_/dashboard
INFO    10 Feb 2025 14:17:29 id.co.itasoft.istw.HashCheckIsValidApprovalURL - DEBUG MODE: variableKey : isSignedByUserLogin[/jw/web/userview/istwDigitalSign/v/_/dashboard;]
INFO    10 Feb 2025 14:17:30 Beanshell UI/Userview Permission - Checking if user ID: jack is in all three group IDs: G-000002, G-000003, G-000001, G-000009
INFO    10 Feb 2025 14:17:30 Beanshell UI/Userview Permission - User is not in FOUR groups.
INFO    10 Feb 2025 14:17:30 Beanshell UI/Userview Permission - Script result: false
INFO    10 Feb 2025 14:17:30 Beanshell UI/Userview Permission - Checking if user ID: jack is in all three group IDs: G-000002, G-000003, G-000001
INFO    10 Feb 2025 14:17:30 Beanshell UI/Userview Permission - User is not in THREE groups.
INFO    10 Feb 2025 14:17:30 Beanshell UI/Userview Permission - Script result: false
INFO    10 Feb 2025 14:17:30 Beanshell UI/Userview Permission - User does not meet the required group conditions.
INFO    10 Feb 2025 14:17:30 Beanshell UI/Userview Permission - Script result: false
INFO    10 Feb 2025 14:17:30 Beanshell UI/Userview Permission - User found in group.
INFO    10 Feb 2025 14:17:30 Beanshell UI/Userview Permission - Script result: true
INFO    10 Feb 2025 14:17:34 Beanshell UI/Userview Permission - Checking if user ID: jack is in all three group IDs: G-000002, G-000003, G-000001, G-000009
INFO    10 Feb 2025 14:17:34 Beanshell UI/Userview Permission - User is not in FOUR groups.
INFO    10 Feb 2025 14:17:34 Beanshell UI/Userview Permission - Script result: false
INFO    10 Feb 2025 14:17:34 Beanshell UI/Userview Permission - Checking if user ID: jack is in all three group IDs: G-000002, G-000003, G-000001
INFO    10 Feb 2025 14:17:34 Beanshell UI/Userview Permission - User is not in THREE groups.
INFO    10 Feb 2025 14:17:34 Beanshell UI/Userview Permission - Script result: false
INFO    10 Feb 2025 14:17:34 Beanshell UI/Userview Permission - User does not meet the required group conditions.
INFO    10 Feb 2025 14:17:34 Beanshell UI/Userview Permission - Script result: false
INFO    10 Feb 2025 14:17:34 Beanshell UI/Userview Permission - User found in group.
INFO    10 Feb 2025 14:17:34 Beanshell UI/Userview Permission - Script result: true
INFO    10 Feb 2025 14:17:34 id.co.itasoft.istw.HashCheckIsValidApprovalURL - DEBUG MODE: variableKey : isTilakaUserLoginNextSequence[/jw/web/userview/istwDigitalSign/v/_/all_request_list;]
INFO    10 Feb 2025 14:17:34 id.co.itasoft.istw.HashCheckIsValidApprovalURL - DEBUG MODE: url : /jw/web/userview/istwDigitalSign/v/_/all_request_list
INFO    10 Feb 2025 14:17:34 id.co.itasoft.istw.HashCheckIsValidApprovalURL - DEBUG MODE: variableKey : isSignedByUserLogin[/jw/web/userview/istwDigitalSign/v/_/all_request_list;]
INFO    10 Feb 2025 14:17:34 Beanshell UI/Userview Permission - Checking if user ID: jack is in all three group IDs: G-000002, G-000003, G-000001, G-000009
INFO    10 Feb 2025 14:17:34 Beanshell UI/Userview Permission - User is not in FOUR groups.
INFO    10 Feb 2025 14:17:34 Beanshell UI/Userview Permission - Script result: false
INFO    10 Feb 2025 14:17:34 Beanshell UI/Userview Permission - Checking if user ID: jack is in all three group IDs: G-000002, G-000003, G-000001
INFO    10 Feb 2025 14:17:34 Beanshell UI/Userview Permission - User is not in THREE groups.
INFO    10 Feb 2025 14:17:34 Beanshell UI/Userview Permission - Script result: false
INFO    10 Feb 2025 14:17:34 Beanshell UI/Userview Permission - User does not meet the required group conditions.
INFO    10 Feb 2025 14:17:34 Beanshell UI/Userview Permission - Script result: false
INFO    10 Feb 2025 14:17:34 Beanshell UI/Userview Permission - User found in group.
INFO    10 Feb 2025 14:17:34 Beanshell UI/Userview Permission - Script result: true
INFO    10 Feb 2025 14:18:35 Beanshell UI/Userview Permission - Checking if user ID:  is in all three group IDs: G-000002, G-000003, G-000001, G-000009
INFO    10 Feb 2025 14:18:35 Beanshell UI/Userview Permission - User is not in FOUR groups.
INFO    10 Feb 2025 14:18:35 Beanshell UI/Userview Permission - Script result: false
INFO    10 Feb 2025 14:18:35 Beanshell UI/Userview Permission - Checking if user ID:  is in all three group IDs: G-000002, G-000003, G-000001
INFO    10 Feb 2025 14:18:35 Beanshell UI/Userview Permission - User is not in THREE groups.
INFO    10 Feb 2025 14:18:35 Beanshell UI/Userview Permission - Script result: false
INFO    10 Feb 2025 14:18:35 Beanshell UI/Userview Permission - User does not meet the required group conditions.
INFO    10 Feb 2025 14:18:35 Beanshell UI/Userview Permission - Script result: false
INFO    10 Feb 2025 14:18:35 Beanshell UI/Userview Permission - User not found in group.
INFO    10 Feb 2025 14:18:35 Beanshell UI/Userview Permission - Script result: false
INFO    10 Feb 2025 14:18:46 id.co.itasoft.istw.HashCustomUserviewPermissionCSS - user is role admin
INFO    10 Feb 2025 14:18:46 id.co.itasoft.istw.HashCheckIsValidApprovalURL - DEBUG MODE: variableKey : isTilakaUserLoginNextSequence[/jw/web/userview/istwDigitalSign/v/_/dashboard;]
INFO    10 Feb 2025 14:18:46 id.co.itasoft.istw.HashCheckIsValidApprovalURL - DEBUG MODE: url : /jw/web/userview/istwDigitalSign/v/_/dashboard
INFO    10 Feb 2025 14:18:46 id.co.itasoft.istw.HashCheckIsValidApprovalURL - DEBUG MODE: variableKey : isSignedByUserLogin[/jw/web/userview/istwDigitalSign/v/_/dashboard;]
INFO    10 Feb 2025 14:18:59 id.co.itasoft.istw.HashCustomUserviewPermissionCSS - user is role admin
INFO    10 Feb 2025 14:24:06 Beanshell UI/Userview Permission - Checking if user ID:  is in all three group IDs: G-000002, G-000003, G-000001, G-000009
INFO    10 Feb 2025 14:24:06 Beanshell UI/Userview Permission - User is not in FOUR groups.
INFO    10 Feb 2025 14:24:06 Beanshell UI/Userview Permission - Script result: false
INFO    10 Feb 2025 14:24:06 Beanshell UI/Userview Permission - Checking if user ID:  is in all three group IDs: G-000002, G-000003, G-000001
INFO    10 Feb 2025 14:24:06 Beanshell UI/Userview Permission - User is not in THREE groups.
INFO    10 Feb 2025 14:24:06 Beanshell UI/Userview Permission - Script result: false
INFO    10 Feb 2025 14:24:06 Beanshell UI/Userview Permission - User does not meet the required group conditions.
INFO    10 Feb 2025 14:24:06 Beanshell UI/Userview Permission - Script result: false
INFO    10 Feb 2025 14:24:06 Beanshell UI/Userview Permission - User not found in group.
INFO    10 Feb 2025 14:24:06 Beanshell UI/Userview Permission - Script result: false
INFO    10 Feb 2025 14:24:06 Beanshell UI/Userview Permission - Checking if user ID:  is in all three group IDs: G-000002, G-000003, G-000001, G-000009
INFO    10 Feb 2025 14:24:06 Beanshell UI/Userview Permission - User is not in FOUR groups.
INFO    10 Feb 2025 14:24:06 Beanshell UI/Userview Permission - Script result: false
INFO    10 Feb 2025 14:24:06 Beanshell UI/Userview Permission - Checking if user ID:  is in all three group IDs: G-000002, G-000003, G-000001
INFO    10 Feb 2025 14:24:06 Beanshell UI/Userview Permission - User is not in THREE groups.
INFO    10 Feb 2025 14:24:06 Beanshell UI/Userview Permission - Script result: false
INFO    10 Feb 2025 14:24:06 Beanshell UI/Userview Permission - User does not meet the required group conditions.
INFO    10 Feb 2025 14:24:06 Beanshell UI/Userview Permission - Script result: false
INFO    10 Feb 2025 14:24:06 Beanshell UI/Userview Permission - User not found in group.
INFO    10 Feb 2025 14:24:06 Beanshell UI/Userview Permission - Script result: false
INFO    10 Feb 2025 14:24:11 id.co.itasoft.istw.HashCustomUserviewPermissionCSS - user is role admin
INFO    10 Feb 2025 14:24:11 id.co.itasoft.istw.HashCheckIsValidApprovalURL - DEBUG MODE: variableKey : isTilakaUserLoginNextSequence[/jw/web/userview/istwDigitalSign/v/_/dashboard;]
INFO    10 Feb 2025 14:24:11 id.co.itasoft.istw.HashCheckIsValidApprovalURL - DEBUG MODE: url : /jw/web/userview/istwDigitalSign/v/_/dashboard
INFO    10 Feb 2025 14:24:11 id.co.itasoft.istw.HashCheckIsValidApprovalURL - DEBUG MODE: variableKey : isSignedByUserLogin[/jw/web/userview/istwDigitalSign/v/_/dashboard;]
INFO    10 Feb 2025 14:24:27 Beanshell UI/Userview Permission - Checking if user ID:  is in all three group IDs: G-000002, G-000003, G-000001, G-000009
INFO    10 Feb 2025 14:24:27 Beanshell UI/Userview Permission - User is not in FOUR groups.
INFO    10 Feb 2025 14:24:27 Beanshell UI/Userview Permission - Script result: false
INFO    10 Feb 2025 14:24:27 Beanshell UI/Userview Permission - Checking if user ID:  is in all three group IDs: G-000002, G-000003, G-000001
INFO    10 Feb 2025 14:24:27 Beanshell UI/Userview Permission - User is not in THREE groups.
INFO    10 Feb 2025 14:24:27 Beanshell UI/Userview Permission - Script result: false
INFO    10 Feb 2025 14:24:27 Beanshell UI/Userview Permission - User does not meet the required group conditions.
INFO    10 Feb 2025 14:24:27 Beanshell UI/Userview Permission - Script result: false
INFO    10 Feb 2025 14:24:27 Beanshell UI/Userview Permission - User not found in group.
INFO    10 Feb 2025 14:24:27 Beanshell UI/Userview Permission - Script result: false
INFO    10 Feb 2025 14:24:27 Beanshell UI/Userview Permission - Checking if user ID:  is in all three group IDs: G-000002, G-000003, G-000001, G-000009
INFO    10 Feb 2025 14:24:27 Beanshell UI/Userview Permission - User is not in FOUR groups.
INFO    10 Feb 2025 14:24:27 Beanshell UI/Userview Permission - Script result: false
INFO    10 Feb 2025 14:24:27 Beanshell UI/Userview Permission - Checking if user ID:  is in all three group IDs: G-000002, G-000003, G-000001
INFO    10 Feb 2025 14:24:27 Beanshell UI/Userview Permission - User is not in THREE groups.
INFO    10 Feb 2025 14:24:27 Beanshell UI/Userview Permission - Script result: false
INFO    10 Feb 2025 14:24:27 Beanshell UI/Userview Permission - User does not meet the required group conditions.
INFO    10 Feb 2025 14:24:27 Beanshell UI/Userview Permission - Script result: false
INFO    10 Feb 2025 14:24:27 Beanshell UI/Userview Permission - User not found in group.
INFO    10 Feb 2025 14:24:27 Beanshell UI/Userview Permission - Script result: false
INFO    10 Feb 2025 14:24:31 Beanshell UI/Userview Permission - Checking if user ID: jack is in all three group IDs: G-000002, G-000003, G-000001, G-000009
INFO    10 Feb 2025 14:24:31 Beanshell UI/Userview Permission - User is not in FOUR groups.
INFO    10 Feb 2025 14:24:31 Beanshell UI/Userview Permission - Script result: false
INFO    10 Feb 2025 14:24:31 Beanshell UI/Userview Permission - Checking if user ID: jack is in all three group IDs: G-000002, G-000003, G-000001
INFO    10 Feb 2025 14:24:31 Beanshell UI/Userview Permission - User is not in THREE groups.
INFO    10 Feb 2025 14:24:31 Beanshell UI/Userview Permission - Script result: false
INFO    10 Feb 2025 14:24:31 Beanshell UI/Userview Permission - User does not meet the required group conditions.
INFO    10 Feb 2025 14:24:31 Beanshell UI/Userview Permission - Script result: false
INFO    10 Feb 2025 14:24:31 Beanshell UI/Userview Permission - User found in group.
INFO    10 Feb 2025 14:24:31 Beanshell UI/Userview Permission - Script result: true
INFO    10 Feb 2025 14:24:31 Beanshell UI/Userview Permission - Checking if user ID: jack is in all three group IDs: G-000002, G-000003, G-000001, G-000009
INFO    10 Feb 2025 14:24:31 Beanshell UI/Userview Permission - User is not in FOUR groups.
INFO    10 Feb 2025 14:24:31 Beanshell UI/Userview Permission - Script result: false
INFO    10 Feb 2025 14:24:31 Beanshell UI/Userview Permission - Checking if user ID: jack is in all three group IDs: G-000002, G-000003, G-000001
INFO    10 Feb 2025 14:24:31 Beanshell UI/Userview Permission - User is not in THREE groups.
INFO    10 Feb 2025 14:24:31 Beanshell UI/Userview Permission - Script result: false
INFO    10 Feb 2025 14:24:31 Beanshell UI/Userview Permission - User does not meet the required group conditions.
INFO    10 Feb 2025 14:24:31 Beanshell UI/Userview Permission - Script result: false
INFO    10 Feb 2025 14:24:31 Beanshell UI/Userview Permission - User found in group.
INFO    10 Feb 2025 14:24:31 Beanshell UI/Userview Permission - Script result: true
INFO    10 Feb 2025 14:24:31 id.co.itasoft.istw.HashCheckIsValidApprovalURL - DEBUG MODE: variableKey : isTilakaUserLoginNextSequence[/jw/web/userview/istwDigitalSign/v/_/dashboard;]
INFO    10 Feb 2025 14:24:31 id.co.itasoft.istw.HashCheckIsValidApprovalURL - DEBUG MODE: url : /jw/web/userview/istwDigitalSign/v/_/dashboard
INFO    10 Feb 2025 14:24:31 id.co.itasoft.istw.HashCheckIsValidApprovalURL - DEBUG MODE: variableKey : isSignedByUserLogin[/jw/web/userview/istwDigitalSign/v/_/dashboard;]
INFO    10 Feb 2025 14:24:32 Beanshell UI/Userview Permission - Checking if user ID: jack is in all three group IDs: G-000002, G-000003, G-000001, G-000009
INFO    10 Feb 2025 14:24:32 Beanshell UI/Userview Permission - User is not in FOUR groups.
INFO    10 Feb 2025 14:24:32 Beanshell UI/Userview Permission - Script result: false
INFO    10 Feb 2025 14:24:32 Beanshell UI/Userview Permission - Checking if user ID: jack is in all three group IDs: G-000002, G-000003, G-000001
INFO    10 Feb 2025 14:24:32 Beanshell UI/Userview Permission - User is not in THREE groups.
INFO    10 Feb 2025 14:24:32 Beanshell UI/Userview Permission - Script result: false
INFO    10 Feb 2025 14:24:32 Beanshell UI/Userview Permission - User does not meet the required group conditions.
INFO    10 Feb 2025 14:24:32 Beanshell UI/Userview Permission - Script result: false
INFO    10 Feb 2025 14:24:32 Beanshell UI/Userview Permission - User found in group.
INFO    10 Feb 2025 14:24:32 Beanshell UI/Userview Permission - Script result: true
INFO    10 Feb 2025 14:24:37 Beanshell UI/Userview Permission - Checking if user ID: jack is in all three group IDs: G-000002, G-000003, G-000001, G-000009
INFO    10 Feb 2025 14:24:37 Beanshell UI/Userview Permission - User is not in FOUR groups.
INFO    10 Feb 2025 14:24:37 Beanshell UI/Userview Permission - Script result: false
INFO    10 Feb 2025 14:24:37 Beanshell UI/Userview Permission - Checking if user ID: jack is in all three group IDs: G-000002, G-000003, G-000001
INFO    10 Feb 2025 14:24:37 Beanshell UI/Userview Permission - User is not in THREE groups.
INFO    10 Feb 2025 14:24:37 Beanshell UI/Userview Permission - Script result: false
INFO    10 Feb 2025 14:24:37 Beanshell UI/Userview Permission - User does not meet the required group conditions.
INFO    10 Feb 2025 14:24:37 Beanshell UI/Userview Permission - Script result: false
INFO    10 Feb 2025 14:24:38 Beanshell UI/Userview Permission - User found in group.
INFO    10 Feb 2025 14:24:38 Beanshell UI/Userview Permission - Script result: true
INFO    10 Feb 2025 14:24:38 id.co.itasoft.istw.HashCheckIsValidApprovalURL - DEBUG MODE: variableKey : isTilakaUserLoginNextSequence[/jw/web/userview/istwDigitalSign/v/_/approval_list;]
INFO    10 Feb 2025 14:24:38 id.co.itasoft.istw.HashCheckIsValidApprovalURL - DEBUG MODE: url : /jw/web/userview/istwDigitalSign/v/_/approval_list
INFO    10 Feb 2025 14:24:38 id.co.itasoft.istw.HashCheckIsValidApprovalURL - DEBUG MODE: variableKey : isSignedByUserLogin[/jw/web/userview/istwDigitalSign/v/_/approval_list;]
INFO    10 Feb 2025 14:24:38 Beanshell UI/Userview Permission - Checking if user ID: jack is in all three group IDs: G-000002, G-000003, G-000001, G-000009
INFO    10 Feb 2025 14:24:38 Beanshell UI/Userview Permission - User is not in FOUR groups.
INFO    10 Feb 2025 14:24:38 Beanshell UI/Userview Permission - Script result: false
INFO    10 Feb 2025 14:24:38 Beanshell UI/Userview Permission - Checking if user ID: jack is in all three group IDs: G-000002, G-000003, G-000001
INFO    10 Feb 2025 14:24:38 Beanshell UI/Userview Permission - User is not in THREE groups.
INFO    10 Feb 2025 14:24:38 Beanshell UI/Userview Permission - Script result: false
INFO    10 Feb 2025 14:24:38 Beanshell UI/Userview Permission - User does not meet the required group conditions.
INFO    10 Feb 2025 14:24:38 Beanshell UI/Userview Permission - Script result: false
INFO    10 Feb 2025 14:24:38 Beanshell UI/Userview Permission - User found in group.
INFO    10 Feb 2025 14:24:38 Beanshell UI/Userview Permission - Script result: true
INFO    10 Feb 2025 14:24:47 Beanshell UI/Userview Permission - Checking if user ID:  is in all three group IDs: G-000002, G-000003, G-000001, G-000009
INFO    10 Feb 2025 14:24:47 Beanshell UI/Userview Permission - User is not in FOUR groups.
INFO    10 Feb 2025 14:24:47 Beanshell UI/Userview Permission - Script result: false
INFO    10 Feb 2025 14:24:47 Beanshell UI/Userview Permission - Checking if user ID:  is in all three group IDs: G-000002, G-000003, G-000001
INFO    10 Feb 2025 14:24:47 Beanshell UI/Userview Permission - User is not in THREE groups.
INFO    10 Feb 2025 14:24:47 Beanshell UI/Userview Permission - Script result: false
INFO    10 Feb 2025 14:24:47 Beanshell UI/Userview Permission - User does not meet the required group conditions.
INFO    10 Feb 2025 14:24:47 Beanshell UI/Userview Permission - Script result: false
INFO    10 Feb 2025 14:24:47 Beanshell UI/Userview Permission - User not found in group.
INFO    10 Feb 2025 14:24:47 Beanshell UI/Userview Permission - Script result: false
INFO    10 Feb 2025 14:24:47 Beanshell UI/Userview Permission - Checking if user ID:  is in all three group IDs: G-000002, G-000003, G-000001, G-000009
INFO    10 Feb 2025 14:24:47 Beanshell UI/Userview Permission - User is not in FOUR groups.
INFO    10 Feb 2025 14:24:47 Beanshell UI/Userview Permission - Script result: false
INFO    10 Feb 2025 14:24:47 Beanshell UI/Userview Permission - Checking if user ID:  is in all three group IDs: G-000002, G-000003, G-000001
INFO    10 Feb 2025 14:24:47 Beanshell UI/Userview Permission - User is not in THREE groups.
INFO    10 Feb 2025 14:24:47 Beanshell UI/Userview Permission - Script result: false
INFO    10 Feb 2025 14:24:47 Beanshell UI/Userview Permission - User does not meet the required group conditions.
INFO    10 Feb 2025 14:24:47 Beanshell UI/Userview Permission - Script result: false
INFO    10 Feb 2025 14:24:47 Beanshell UI/Userview Permission - User not found in group.
INFO    10 Feb 2025 14:24:47 Beanshell UI/Userview Permission - Script result: false
INFO    10 Feb 2025 14:27:22 Beanshell UI/Userview Permission - Checking if user ID:  is in all three group IDs: G-000002, G-000003, G-000001, G-000009
INFO    10 Feb 2025 14:27:22 Beanshell UI/Userview Permission - User is not in FOUR groups.
INFO    10 Feb 2025 14:27:22 Beanshell UI/Userview Permission - Script result: false
INFO    10 Feb 2025 14:27:22 Beanshell UI/Userview Permission - Checking if user ID:  is in all three group IDs: G-000002, G-000003, G-000001
INFO    10 Feb 2025 14:27:22 Beanshell UI/Userview Permission - User is not in THREE groups.
INFO    10 Feb 2025 14:27:22 Beanshell UI/Userview Permission - Script result: false
INFO    10 Feb 2025 14:27:22 Beanshell UI/Userview Permission - User does not meet the required group conditions.
INFO    10 Feb 2025 14:27:22 Beanshell UI/Userview Permission - Script result: false
INFO    10 Feb 2025 14:27:22 Beanshell UI/Userview Permission - User not found in group.
INFO    10 Feb 2025 14:27:22 Beanshell UI/Userview Permission - Script result: false
INFO    10 Feb 2025 14:27:28 Beanshell UI/Userview Permission - Checking if user ID: jack is in all three group IDs: G-000002, G-000003, G-000001, G-000009
INFO    10 Feb 2025 14:27:28 Beanshell UI/Userview Permission - User is not in FOUR groups.
INFO    10 Feb 2025 14:27:28 Beanshell UI/Userview Permission - Script result: false
INFO    10 Feb 2025 14:27:28 Beanshell UI/Userview Permission - Checking if user ID: jack is in all three group IDs: G-000002, G-000003, G-000001
INFO    10 Feb 2025 14:27:28 Beanshell UI/Userview Permission - User is not in THREE groups.
INFO    10 Feb 2025 14:27:28 Beanshell UI/Userview Permission - Script result: false
INFO    10 Feb 2025 14:27:28 Beanshell UI/Userview Permission - User does not meet the required group conditions.
INFO    10 Feb 2025 14:27:28 Beanshell UI/Userview Permission - Script result: false
INFO    10 Feb 2025 14:27:28 Beanshell UI/Userview Permission - User found in group.
INFO    10 Feb 2025 14:27:28 Beanshell UI/Userview Permission - Script result: true
INFO    10 Feb 2025 14:27:28 Beanshell UI/Userview Permission - Checking if user ID: jack is in all three group IDs: G-000002, G-000003, G-000001, G-000009
INFO    10 Feb 2025 14:27:28 Beanshell UI/Userview Permission - User is not in FOUR groups.
INFO    10 Feb 2025 14:27:28 Beanshell UI/Userview Permission - Script result: false
INFO    10 Feb 2025 14:27:28 Beanshell UI/Userview Permission - Checking if user ID: jack is in all three group IDs: G-000002, G-000003, G-000001
INFO    10 Feb 2025 14:27:28 Beanshell UI/Userview Permission - User is not in THREE groups.
INFO    10 Feb 2025 14:27:28 Beanshell UI/Userview Permission - Script result: false
INFO    10 Feb 2025 14:27:29 Beanshell UI/Userview Permission - User does not meet the required group conditions.
INFO    10 Feb 2025 14:27:29 Beanshell UI/Userview Permission - Script result: false
INFO    10 Feb 2025 14:27:29 Beanshell UI/Userview Permission - User found in group.
INFO    10 Feb 2025 14:27:29 Beanshell UI/Userview Permission - Script result: true
INFO    10 Feb 2025 14:27:29 id.co.itasoft.istw.HashCheckIsValidApprovalURL - DEBUG MODE: variableKey : isTilakaUserLoginNextSequence[/jw/web/userview/istwDigitalSign/v/_/dashboard;]
INFO    10 Feb 2025 14:27:29 id.co.itasoft.istw.HashCheckIsValidApprovalURL - DEBUG MODE: url : /jw/web/userview/istwDigitalSign/v/_/dashboard
INFO    10 Feb 2025 14:27:29 id.co.itasoft.istw.HashCheckIsValidApprovalURL - DEBUG MODE: variableKey : isSignedByUserLogin[/jw/web/userview/istwDigitalSign/v/_/dashboard;]
INFO    10 Feb 2025 14:27:29 Beanshell UI/Userview Permission - Checking if user ID: jack is in all three group IDs: G-000002, G-000003, G-000001, G-000009
INFO    10 Feb 2025 14:27:29 Beanshell UI/Userview Permission - User is not in FOUR groups.
INFO    10 Feb 2025 14:27:29 Beanshell UI/Userview Permission - Script result: false
INFO    10 Feb 2025 14:27:29 Beanshell UI/Userview Permission - Checking if user ID: jack is in all three group IDs: G-000002, G-000003, G-000001
INFO    10 Feb 2025 14:27:29 Beanshell UI/Userview Permission - User is not in THREE groups.
INFO    10 Feb 2025 14:27:29 Beanshell UI/Userview Permission - Script result: false
INFO    10 Feb 2025 14:27:29 Beanshell UI/Userview Permission - User does not meet the required group conditions.
INFO    10 Feb 2025 14:27:29 Beanshell UI/Userview Permission - Script result: false
INFO    10 Feb 2025 14:27:29 Beanshell UI/Userview Permission - User found in group.
INFO    10 Feb 2025 14:27:29 Beanshell UI/Userview Permission - Script result: true
INFO    10 Feb 2025 14:27:36 Beanshell UI/Userview Permission - Checking if user ID:  is in all three group IDs: G-000002, G-000003, G-000001, G-000009
INFO    10 Feb 2025 14:27:36 Beanshell UI/Userview Permission - User is not in FOUR groups.
INFO    10 Feb 2025 14:27:36 Beanshell UI/Userview Permission - Script result: false
INFO    10 Feb 2025 14:27:36 Beanshell UI/Userview Permission - Checking if user ID:  is in all three group IDs: G-000002, G-000003, G-000001
INFO    10 Feb 2025 14:27:36 Beanshell UI/Userview Permission - User is not in THREE groups.
INFO    10 Feb 2025 14:27:36 Beanshell UI/Userview Permission - Script result: false
INFO    10 Feb 2025 14:27:36 Beanshell UI/Userview Permission - User does not meet the required group conditions.
INFO    10 Feb 2025 14:27:36 Beanshell UI/Userview Permission - Script result: false
INFO    10 Feb 2025 14:27:36 Beanshell UI/Userview Permission - User not found in group.
INFO    10 Feb 2025 14:27:36 Beanshell UI/Userview Permission - Script result: false
INFO    10 Feb 2025 14:27:36 Beanshell UI/Userview Permission - Checking if user ID:  is in all three group IDs: G-000002, G-000003, G-000001, G-000009
INFO    10 Feb 2025 14:27:36 Beanshell UI/Userview Permission - User is not in FOUR groups.
INFO    10 Feb 2025 14:27:36 Beanshell UI/Userview Permission - Script result: false
INFO    10 Feb 2025 14:27:36 Beanshell UI/Userview Permission - Checking if user ID:  is in all three group IDs: G-000002, G-000003, G-000001
INFO    10 Feb 2025 14:27:36 Beanshell UI/Userview Permission - User is not in THREE groups.
INFO    10 Feb 2025 14:27:36 Beanshell UI/Userview Permission - Script result: false
INFO    10 Feb 2025 14:27:36 Beanshell UI/Userview Permission - User does not meet the required group conditions.
INFO    10 Feb 2025 14:27:36 Beanshell UI/Userview Permission - Script result: false
INFO    10 Feb 2025 14:27:36 Beanshell UI/Userview Permission - User not found in group.
INFO    10 Feb 2025 14:27:36 Beanshell UI/Userview Permission - Script result: false
INFO    10 Feb 2025 14:43:26 id.co.itasoft.istw.HashCustomUserviewPermissionCSS - user is role admin
INFO    10 Feb 2025 14:43:26 id.co.itasoft.istw.HashCheckIsValidApprovalURL - DEBUG MODE: variableKey : isTilakaUserLoginNextSequence[/jw/web/userview/istwDigitalSign/v/_/dashboard;]
INFO    10 Feb 2025 14:43:26 id.co.itasoft.istw.HashCheckIsValidApprovalURL - DEBUG MODE: url : /jw/web/userview/istwDigitalSign/v/_/dashboard
INFO    10 Feb 2025 14:43:26 id.co.itasoft.istw.HashCheckIsValidApprovalURL - DEBUG MODE: variableKey : isSignedByUserLogin[/jw/web/userview/istwDigitalSign/v/_/dashboard;]
INFO    10 Feb 2025 14:43:30 id.co.itasoft.istw.HashCustomUserviewPermissionCSS - user is role admin
INFO    10 Feb 2025 14:45:16 id.co.itasoft.istw.HashCustomUserviewPermissionCSS - user is role admin
INFO    10 Feb 2025 14:45:16 id.co.itasoft.istw.HashCheckIsValidApprovalURL - DEBUG MODE: variableKey : isTilakaUserLoginNextSequence[/jw/web/console/app/istwDigitalSign/7/userview/builderPreview/v;]
INFO    10 Feb 2025 14:45:16 id.co.itasoft.istw.HashCheckIsValidApprovalURL - DEBUG MODE: url : /jw/web/console/app/istwDigitalSign/7/userview/builderPreview/v
INFO    10 Feb 2025 14:45:16 id.co.itasoft.istw.HashCheckIsValidApprovalURL - DEBUG MODE: variableKey : isSignedByUserLogin[/jw/web/console/app/istwDigitalSign/7/userview/builderPreview/v;]
INFO    10 Feb 2025 14:46:28 id.co.itasoft.istw.HashCustomUserviewPermissionCSS - user is role admin
INFO    10 Feb 2025 14:46:28 id.co.itasoft.istw.HashCheckIsValidApprovalURL - DEBUG MODE: variableKey : isTilakaUserLoginNextSequence[/jw/web/console/app/istwDigitalSign/7/userview/builderPreview/v;]
INFO    10 Feb 2025 14:46:28 id.co.itasoft.istw.HashCheckIsValidApprovalURL - DEBUG MODE: url : /jw/web/console/app/istwDigitalSign/7/userview/builderPreview/v
INFO    10 Feb 2025 14:46:28 id.co.itasoft.istw.HashCheckIsValidApprovalURL - DEBUG MODE: variableKey : isSignedByUserLogin[/jw/web/console/app/istwDigitalSign/7/userview/builderPreview/v;]
INFO    10 Feb 2025 14:52:41 id.co.itasoft.istw.HashCustomUserviewPermissionCSS - user is role admin
INFO    10 Feb 2025 14:52:41 id.co.itasoft.istw.HashCheckIsValidApprovalURL - DEBUG MODE: variableKey : isTilakaUserLoginNextSequence[/jw/web/console/app/istwDigitalSign/7/userview/builderPreview/v;]
INFO    10 Feb 2025 14:52:41 id.co.itasoft.istw.HashCheckIsValidApprovalURL - DEBUG MODE: url : /jw/web/console/app/istwDigitalSign/7/userview/builderPreview/v
INFO    10 Feb 2025 14:52:41 id.co.itasoft.istw.HashCheckIsValidApprovalURL - DEBUG MODE: variableKey : isSignedByUserLogin[/jw/web/console/app/istwDigitalSign/7/userview/builderPreview/v;]
INFO    10 Feb 2025 14:54:37 id.co.itasoft.istw.HashCustomUserviewPermissionCSS - user is role admin
INFO    10 Feb 2025 14:54:37 id.co.itasoft.istw.HashCheckIsValidApprovalURL - DEBUG MODE: variableKey : isTilakaUserLoginNextSequence[/jw/web/console/app/istwDigitalSign/7/userview/builderPreview/v;]
INFO    10 Feb 2025 14:54:37 id.co.itasoft.istw.HashCheckIsValidApprovalURL - DEBUG MODE: url : /jw/web/console/app/istwDigitalSign/7/userview/builderPreview/v
INFO    10 Feb 2025 14:54:37 id.co.itasoft.istw.HashCheckIsValidApprovalURL - DEBUG MODE: variableKey : isSignedByUserLogin[/jw/web/console/app/istwDigitalSign/7/userview/builderPreview/v;]
INFO    10 Feb 2025 14:54:43 Beanshell UI/Userview Permission - Checking if user ID:  is in all three group IDs: G-000002, G-000003, G-000001, G-000009
INFO    10 Feb 2025 14:54:43 Beanshell UI/Userview Permission - User is not in FOUR groups.
INFO    10 Feb 2025 14:54:43 Beanshell UI/Userview Permission - Script result: false
INFO    10 Feb 2025 14:54:43 Beanshell UI/Userview Permission - Checking if user ID:  is in all three group IDs: G-000002, G-000003, G-000001
INFO    10 Feb 2025 14:54:43 Beanshell UI/Userview Permission - User is not in THREE groups.
INFO    10 Feb 2025 14:54:43 Beanshell UI/Userview Permission - Script result: false
INFO    10 Feb 2025 14:54:43 Beanshell UI/Userview Permission - User does not meet the required group conditions.
INFO    10 Feb 2025 14:54:43 Beanshell UI/Userview Permission - Script result: false
INFO    10 Feb 2025 14:54:43 Beanshell UI/Userview Permission - User not found in group.
INFO    10 Feb 2025 14:54:43 Beanshell UI/Userview Permission - Script result: false
INFO    10 Feb 2025 14:54:43 Beanshell UI/Userview Permission - Checking if user ID:  is in all three group IDs: G-000002, G-000003, G-000001, G-000009
INFO    10 Feb 2025 14:54:43 Beanshell UI/Userview Permission - User is not in FOUR groups.
INFO    10 Feb 2025 14:54:43 Beanshell UI/Userview Permission - Script result: false
INFO    10 Feb 2025 14:54:43 Beanshell UI/Userview Permission - Checking if user ID:  is in all three group IDs: G-000002, G-000003, G-000001
INFO    10 Feb 2025 14:54:43 Beanshell UI/Userview Permission - User is not in THREE groups.
INFO    10 Feb 2025 14:54:43 Beanshell UI/Userview Permission - Script result: false
INFO    10 Feb 2025 14:54:43 Beanshell UI/Userview Permission - User does not meet the required group conditions.
INFO    10 Feb 2025 14:54:43 Beanshell UI/Userview Permission - Script result: false
INFO    10 Feb 2025 14:54:43 Beanshell UI/Userview Permission - User not found in group.
INFO    10 Feb 2025 14:54:43 Beanshell UI/Userview Permission - Script result: false
INFO    10 Feb 2025 14:54:52 Beanshell UI/Userview Permission - Checking if user ID: jack is in all three group IDs: G-000002, G-000003, G-000001, G-000009
INFO    10 Feb 2025 14:54:52 Beanshell UI/Userview Permission - User is not in FOUR groups.
INFO    10 Feb 2025 14:54:52 Beanshell UI/Userview Permission - Script result: false
INFO    10 Feb 2025 14:54:52 Beanshell UI/Userview Permission - Checking if user ID: jack is in all three group IDs: G-000002, G-000003, G-000001
INFO    10 Feb 2025 14:54:52 Beanshell UI/Userview Permission - User is not in THREE groups.
INFO    10 Feb 2025 14:54:52 Beanshell UI/Userview Permission - Script result: false
INFO    10 Feb 2025 14:54:52 Beanshell UI/Userview Permission - User does not meet the required group conditions.
INFO    10 Feb 2025 14:54:52 Beanshell UI/Userview Permission - Script result: false
INFO    10 Feb 2025 14:54:52 Beanshell UI/Userview Permission - User found in group.
INFO    10 Feb 2025 14:54:52 Beanshell UI/Userview Permission - Script result: true
INFO    10 Feb 2025 14:54:52 Beanshell UI/Userview Permission - Checking if user ID: jack is in all three group IDs: G-000002, G-000003, G-000001, G-000009
INFO    10 Feb 2025 14:54:52 Beanshell UI/Userview Permission - User is not in FOUR groups.
INFO    10 Feb 2025 14:54:52 Beanshell UI/Userview Permission - Script result: false
INFO    10 Feb 2025 14:54:53 Beanshell UI/Userview Permission - Checking if user ID: jack is in all three group IDs: G-000002, G-000003, G-000001
INFO    10 Feb 2025 14:54:53 Beanshell UI/Userview Permission - User is not in THREE groups.
INFO    10 Feb 2025 14:54:53 Beanshell UI/Userview Permission - Script result: false
INFO    10 Feb 2025 14:54:53 Beanshell UI/Userview Permission - User does not meet the required group conditions.
INFO    10 Feb 2025 14:54:53 Beanshell UI/Userview Permission - Script result: false
INFO    10 Feb 2025 14:54:53 Beanshell UI/Userview Permission - User found in group.
INFO    10 Feb 2025 14:54:53 Beanshell UI/Userview Permission - Script result: true
INFO    10 Feb 2025 14:54:53 id.co.itasoft.istw.HashCheckIsValidApprovalURL - DEBUG MODE: variableKey : isTilakaUserLoginNextSequence[/jw/web/userview/istwDigitalSign/v/_/dashboard;]
INFO    10 Feb 2025 14:54:53 id.co.itasoft.istw.HashCheckIsValidApprovalURL - DEBUG MODE: url : /jw/web/userview/istwDigitalSign/v/_/dashboard
INFO    10 Feb 2025 14:54:53 id.co.itasoft.istw.HashCheckIsValidApprovalURL - DEBUG MODE: variableKey : isSignedByUserLogin[/jw/web/userview/istwDigitalSign/v/_/dashboard;]
INFO    10 Feb 2025 14:54:53 Beanshell UI/Userview Permission - Checking if user ID: jack is in all three group IDs: G-000002, G-000003, G-000001, G-000009
INFO    10 Feb 2025 14:54:53 Beanshell UI/Userview Permission - User is not in FOUR groups.
INFO    10 Feb 2025 14:54:53 Beanshell UI/Userview Permission - Script result: false
INFO    10 Feb 2025 14:54:53 Beanshell UI/Userview Permission - Checking if user ID: jack is in all three group IDs: G-000002, G-000003, G-000001
INFO    10 Feb 2025 14:54:53 Beanshell UI/Userview Permission - User is not in THREE groups.
INFO    10 Feb 2025 14:54:53 Beanshell UI/Userview Permission - Script result: false
INFO    10 Feb 2025 14:54:53 Beanshell UI/Userview Permission - User does not meet the required group conditions.
INFO    10 Feb 2025 14:54:53 Beanshell UI/Userview Permission - Script result: false
INFO    10 Feb 2025 14:54:53 Beanshell UI/Userview Permission - User found in group.
INFO    10 Feb 2025 14:54:53 Beanshell UI/Userview Permission - Script result: true
INFO    10 Feb 2025 14:55:02 Beanshell UI/Userview Permission - Checking if user ID:  is in all three group IDs: G-000002, G-000003, G-000001, G-000009
INFO    10 Feb 2025 14:55:02 Beanshell UI/Userview Permission - User is not in FOUR groups.
INFO    10 Feb 2025 14:55:02 Beanshell UI/Userview Permission - Script result: false
INFO    10 Feb 2025 14:55:02 Beanshell UI/Userview Permission - Checking if user ID:  is in all three group IDs: G-000002, G-000003, G-000001
INFO    10 Feb 2025 14:55:02 Beanshell UI/Userview Permission - User is not in THREE groups.
INFO    10 Feb 2025 14:55:02 Beanshell UI/Userview Permission - Script result: false
INFO    10 Feb 2025 14:55:02 Beanshell UI/Userview Permission - User does not meet the required group conditions.
INFO    10 Feb 2025 14:55:02 Beanshell UI/Userview Permission - Script result: false
INFO    10 Feb 2025 14:55:02 Beanshell UI/Userview Permission - User not found in group.
INFO    10 Feb 2025 14:55:02 Beanshell UI/Userview Permission - Script result: false
INFO    10 Feb 2025 14:55:02 Beanshell UI/Userview Permission - Checking if user ID:  is in all three group IDs: G-000002, G-000003, G-000001, G-000009
INFO    10 Feb 2025 14:55:02 Beanshell UI/Userview Permission - User is not in FOUR groups.
INFO    10 Feb 2025 14:55:02 Beanshell UI/Userview Permission - Script result: false
INFO    10 Feb 2025 14:55:03 Beanshell UI/Userview Permission - Checking if user ID:  is in all three group IDs: G-000002, G-000003, G-000001
INFO    10 Feb 2025 14:55:03 Beanshell UI/Userview Permission - User is not in THREE groups.
INFO    10 Feb 2025 14:55:03 Beanshell UI/Userview Permission - Script result: false
INFO    10 Feb 2025 14:55:03 Beanshell UI/Userview Permission - User does not meet the required group conditions.
INFO    10 Feb 2025 14:55:03 Beanshell UI/Userview Permission - Script result: false
INFO    10 Feb 2025 14:55:03 Beanshell UI/Userview Permission - User not found in group.
INFO    10 Feb 2025 14:55:03 Beanshell UI/Userview Permission - Script result: false
INFO    10 Feb 2025 14:55:07 id.co.itasoft.istw.HashCustomUserviewPermissionCSS - user is role admin
INFO    10 Feb 2025 14:55:07 id.co.itasoft.istw.HashCheckIsValidApprovalURL - DEBUG MODE: variableKey : isTilakaUserLoginNextSequence[/jw/web/userview/istwDigitalSign/v/_/dashboard;]
INFO    10 Feb 2025 14:55:07 id.co.itasoft.istw.HashCheckIsValidApprovalURL - DEBUG MODE: url : /jw/web/userview/istwDigitalSign/v/_/dashboard
INFO    10 Feb 2025 14:55:07 id.co.itasoft.istw.HashCheckIsValidApprovalURL - DEBUG MODE: variableKey : isSignedByUserLogin[/jw/web/userview/istwDigitalSign/v/_/dashboard;]
INFO    10 Feb 2025 14:55:22 Beanshell UI/Userview Permission - Checking if user ID:  is in all three group IDs: G-000002, G-000003, G-000001, G-000009
INFO    10 Feb 2025 14:55:22 Beanshell UI/Userview Permission - User is not in FOUR groups.
INFO    10 Feb 2025 14:55:22 Beanshell UI/Userview Permission - Script result: false
INFO    10 Feb 2025 14:55:22 Beanshell UI/Userview Permission - Checking if user ID:  is in all three group IDs: G-000002, G-000003, G-000001
INFO    10 Feb 2025 14:55:22 Beanshell UI/Userview Permission - User is not in THREE groups.
INFO    10 Feb 2025 14:55:22 Beanshell UI/Userview Permission - Script result: false
INFO    10 Feb 2025 14:55:22 Beanshell UI/Userview Permission - User does not meet the required group conditions.
INFO    10 Feb 2025 14:55:22 Beanshell UI/Userview Permission - Script result: false
INFO    10 Feb 2025 14:55:22 Beanshell UI/Userview Permission - User not found in group.
INFO    10 Feb 2025 14:55:22 Beanshell UI/Userview Permission - Script result: false
INFO    10 Feb 2025 14:55:22 Beanshell UI/Userview Permission - Checking if user ID:  is in all three group IDs: G-000002, G-000003, G-000001, G-000009
INFO    10 Feb 2025 14:55:22 Beanshell UI/Userview Permission - User is not in FOUR groups.
INFO    10 Feb 2025 14:55:22 Beanshell UI/Userview Permission - Script result: false
INFO    10 Feb 2025 14:55:22 Beanshell UI/Userview Permission - Checking if user ID:  is in all three group IDs: G-000002, G-000003, G-000001
INFO    10 Feb 2025 14:55:22 Beanshell UI/Userview Permission - User is not in THREE groups.
INFO    10 Feb 2025 14:55:22 Beanshell UI/Userview Permission - Script result: false
INFO    10 Feb 2025 14:55:22 Beanshell UI/Userview Permission - User does not meet the required group conditions.
INFO    10 Feb 2025 14:55:22 Beanshell UI/Userview Permission - Script result: false
INFO    10 Feb 2025 14:55:22 Beanshell UI/Userview Permission - User not found in group.
INFO    10 Feb 2025 14:55:22 Beanshell UI/Userview Permission - Script result: false
INFO    10 Feb 2025 14:55:27 Beanshell UI/Userview Permission - Checking if user ID: clark is in all three group IDs: G-000002, G-000003, G-000001, G-000009
INFO    10 Feb 2025 14:55:27 Beanshell UI/Userview Permission - User is not in FOUR groups.
INFO    10 Feb 2025 14:55:27 Beanshell UI/Userview Permission - Script result: false
INFO    10 Feb 2025 14:55:27 Beanshell UI/Userview Permission - Checking if user ID: clark is in all three group IDs: G-000002, G-000003, G-000001
INFO    10 Feb 2025 14:55:27 Beanshell UI/Userview Permission - User is not in THREE groups.
INFO    10 Feb 2025 14:55:27 Beanshell UI/Userview Permission - Script result: false
INFO    10 Feb 2025 14:55:27 Beanshell UI/Userview Permission - User does not meet the required group conditions.
INFO    10 Feb 2025 14:55:27 Beanshell UI/Userview Permission - Script result: false
INFO    10 Feb 2025 14:55:27 Beanshell UI/Userview Permission - Checking if user ID: clark is in all three group IDs: G-000002, G-000003, G-000001, G-000009
INFO    10 Feb 2025 14:55:27 Beanshell UI/Userview Permission - User is not in FOUR groups.
INFO    10 Feb 2025 14:55:27 Beanshell UI/Userview Permission - Script result: false
INFO    10 Feb 2025 14:55:27 Beanshell UI/Userview Permission - Checking if user ID: clark is in all three group IDs: G-000002, G-000003, G-000001
INFO    10 Feb 2025 14:55:27 Beanshell UI/Userview Permission - User is not in THREE groups.
INFO    10 Feb 2025 14:55:27 Beanshell UI/Userview Permission - Script result: false
INFO    10 Feb 2025 14:55:27 Beanshell UI/Userview Permission - User does not meet the required group conditions.
INFO    10 Feb 2025 14:55:27 Beanshell UI/Userview Permission - Script result: false
INFO    10 Feb 2025 14:55:28 id.co.itasoft.istw.HashCheckIsValidApprovalURL - DEBUG MODE: variableKey : isTilakaUserLoginNextSequence[/jw/web/userview/istwDigitalSign/v/_/dashboard;]
INFO    10 Feb 2025 14:55:28 id.co.itasoft.istw.HashCheckIsValidApprovalURL - DEBUG MODE: url : /jw/web/userview/istwDigitalSign/v/_/dashboard
INFO    10 Feb 2025 14:55:28 id.co.itasoft.istw.HashCheckIsValidApprovalURL - DEBUG MODE: variableKey : isSignedByUserLogin[/jw/web/userview/istwDigitalSign/v/_/dashboard;]
INFO    10 Feb 2025 14:55:28 Beanshell UI/Userview Permission - Checking if user ID: clark is in all three group IDs: G-000002, G-000003, G-000001, G-000009
INFO    10 Feb 2025 14:55:28 Beanshell UI/Userview Permission - User is not in FOUR groups.
INFO    10 Feb 2025 14:55:28 Beanshell UI/Userview Permission - Script result: false
INFO    10 Feb 2025 14:55:28 Beanshell UI/Userview Permission - Checking if user ID: clark is in all three group IDs: G-000002, G-000003, G-000001
INFO    10 Feb 2025 14:55:28 Beanshell UI/Userview Permission - User is not in THREE groups.
INFO    10 Feb 2025 14:55:28 Beanshell UI/Userview Permission - Script result: false
INFO    10 Feb 2025 14:55:28 Beanshell UI/Userview Permission - User does not meet the required group conditions.
INFO    10 Feb 2025 14:55:28 Beanshell UI/Userview Permission - Script result: false
INFO    10 Feb 2025 14:55:40 Beanshell UI/Userview Permission - Checking if user ID:  is in all three group IDs: G-000002, G-000003, G-000001, G-000009
INFO    10 Feb 2025 14:55:40 Beanshell UI/Userview Permission - User is not in FOUR groups.
INFO    10 Feb 2025 14:55:40 Beanshell UI/Userview Permission - Script result: false
INFO    10 Feb 2025 14:55:40 Beanshell UI/Userview Permission - Checking if user ID:  is in all three group IDs: G-000002, G-000003, G-000001
INFO    10 Feb 2025 14:55:40 Beanshell UI/Userview Permission - User is not in THREE groups.
INFO    10 Feb 2025 14:55:40 Beanshell UI/Userview Permission - Script result: false
INFO    10 Feb 2025 14:55:40 Beanshell UI/Userview Permission - User does not meet the required group conditions.
INFO    10 Feb 2025 14:55:40 Beanshell UI/Userview Permission - Script result: false
INFO    10 Feb 2025 14:55:40 Beanshell UI/Userview Permission - User not found in group.
INFO    10 Feb 2025 14:55:40 Beanshell UI/Userview Permission - Script result: false
INFO    10 Feb 2025 14:55:40 Beanshell UI/Userview Permission - Checking if user ID:  is in all three group IDs: G-000002, G-000003, G-000001, G-000009
INFO    10 Feb 2025 14:55:40 Beanshell UI/Userview Permission - User is not in FOUR groups.
INFO    10 Feb 2025 14:55:40 Beanshell UI/Userview Permission - Script result: false
INFO    10 Feb 2025 14:55:40 Beanshell UI/Userview Permission - Checking if user ID:  is in all three group IDs: G-000002, G-000003, G-000001
INFO    10 Feb 2025 14:55:40 Beanshell UI/Userview Permission - User is not in THREE groups.
INFO    10 Feb 2025 14:55:40 Beanshell UI/Userview Permission - Script result: false
INFO    10 Feb 2025 14:55:40 Beanshell UI/Userview Permission - User does not meet the required group conditions.
INFO    10 Feb 2025 14:55:40 Beanshell UI/Userview Permission - Script result: false
INFO    10 Feb 2025 14:55:40 Beanshell UI/Userview Permission - User not found in group.
INFO    10 Feb 2025 14:55:40 Beanshell UI/Userview Permission - Script result: false
INFO    10 Feb 2025 14:55:46 id.co.itasoft.istw.HashCustomUserviewPermissionCSS - user is role admin
INFO    10 Feb 2025 14:55:46 id.co.itasoft.istw.HashCheckIsValidApprovalURL - DEBUG MODE: variableKey : isTilakaUserLoginNextSequence[/jw/web/userview/istwDigitalSign/v/_/dashboard;]
INFO    10 Feb 2025 14:55:46 id.co.itasoft.istw.HashCheckIsValidApprovalURL - DEBUG MODE: url : /jw/web/userview/istwDigitalSign/v/_/dashboard
INFO    10 Feb 2025 14:55:46 id.co.itasoft.istw.HashCheckIsValidApprovalURL - DEBUG MODE: variableKey : isSignedByUserLogin[/jw/web/userview/istwDigitalSign/v/_/dashboard;]
INFO    10 Feb 2025 14:56:06 Beanshell UI/Userview Permission - Checking if user ID:  is in all three group IDs: G-000002, G-000003, G-000001, G-000009
INFO    10 Feb 2025 14:56:06 Beanshell UI/Userview Permission - User is not in FOUR groups.
INFO    10 Feb 2025 14:56:06 Beanshell UI/Userview Permission - Script result: false
INFO    10 Feb 2025 14:56:06 Beanshell UI/Userview Permission - Checking if user ID:  is in all three group IDs: G-000002, G-000003, G-000001
INFO    10 Feb 2025 14:56:06 Beanshell UI/Userview Permission - User is not in THREE groups.
INFO    10 Feb 2025 14:56:06 Beanshell UI/Userview Permission - Script result: false
INFO    10 Feb 2025 14:56:06 Beanshell UI/Userview Permission - User does not meet the required group conditions.
INFO    10 Feb 2025 14:56:06 Beanshell UI/Userview Permission - Script result: false
INFO    10 Feb 2025 14:56:06 Beanshell UI/Userview Permission - User not found in group.
INFO    10 Feb 2025 14:56:06 Beanshell UI/Userview Permission - Script result: false
INFO    10 Feb 2025 14:56:06 Beanshell UI/Userview Permission - Checking if user ID:  is in all three group IDs: G-000002, G-000003, G-000001, G-000009
INFO    10 Feb 2025 14:56:06 Beanshell UI/Userview Permission - User is not in FOUR groups.
INFO    10 Feb 2025 14:56:06 Beanshell UI/Userview Permission - Script result: false
INFO    10 Feb 2025 14:56:06 Beanshell UI/Userview Permission - Checking if user ID:  is in all three group IDs: G-000002, G-000003, G-000001
INFO    10 Feb 2025 14:56:06 Beanshell UI/Userview Permission - User is not in THREE groups.
INFO    10 Feb 2025 14:56:06 Beanshell UI/Userview Permission - Script result: false
INFO    10 Feb 2025 14:56:06 Beanshell UI/Userview Permission - User does not meet the required group conditions.
INFO    10 Feb 2025 14:56:06 Beanshell UI/Userview Permission - Script result: false
INFO    10 Feb 2025 14:56:06 Beanshell UI/Userview Permission - User not found in group.
INFO    10 Feb 2025 14:56:06 Beanshell UI/Userview Permission - Script result: false
INFO    10 Feb 2025 14:56:11 Beanshell UI/Userview Permission - Checking if user ID: david is in all three group IDs: G-000002, G-000003, G-000001, G-000009
INFO    10 Feb 2025 14:56:11 Beanshell UI/Userview Permission - User is not in FOUR groups.
INFO    10 Feb 2025 14:56:11 Beanshell UI/Userview Permission - Script result: false
INFO    10 Feb 2025 14:56:11 Beanshell UI/Userview Permission - Checking if user ID: david is in all three group IDs: G-000002, G-000003, G-000001
INFO    10 Feb 2025 14:56:11 Beanshell UI/Userview Permission - User is in THREE groups.
INFO    10 Feb 2025 14:56:11 Beanshell UI/Userview Permission - Script result: true
INFO    10 Feb 2025 14:56:11 Beanshell UI/Userview Permission - Checking if user ID: david is in all three group IDs: G-000002, G-000003, G-000001, G-000009
INFO    10 Feb 2025 14:56:11 Beanshell UI/Userview Permission - User is not in FOUR groups.
INFO    10 Feb 2025 14:56:11 Beanshell UI/Userview Permission - Script result: false
INFO    10 Feb 2025 14:56:11 Beanshell UI/Userview Permission - Checking if user ID: david is in all three group IDs: G-000002, G-000003, G-000001
INFO    10 Feb 2025 14:56:11 Beanshell UI/Userview Permission - User is in THREE groups.
INFO    10 Feb 2025 14:56:11 Beanshell UI/Userview Permission - Script result: true
INFO    10 Feb 2025 14:56:11 id.co.itasoft.istw.HashCheckIsValidApprovalURL - DEBUG MODE: variableKey : isTilakaUserLoginNextSequence[/jw/web/userview/istwDigitalSign/v/_/dashboard;]
INFO    10 Feb 2025 14:56:11 id.co.itasoft.istw.HashCheckIsValidApprovalURL - DEBUG MODE: url : /jw/web/userview/istwDigitalSign/v/_/dashboard
INFO    10 Feb 2025 14:56:11 id.co.itasoft.istw.HashCheckIsValidApprovalURL - DEBUG MODE: variableKey : isSignedByUserLogin[/jw/web/userview/istwDigitalSign/v/_/dashboard;]
INFO    10 Feb 2025 14:56:11 Beanshell UI/Userview Permission - Checking if user ID: david is in all three group IDs: G-000002, G-000003, G-000001, G-000009
INFO    10 Feb 2025 14:56:11 Beanshell UI/Userview Permission - User is not in FOUR groups.
INFO    10 Feb 2025 14:56:11 Beanshell UI/Userview Permission - Script result: false
INFO    10 Feb 2025 14:56:11 Beanshell UI/Userview Permission - Checking if user ID: david is in all three group IDs: G-000002, G-000003, G-000001
INFO    10 Feb 2025 14:56:11 Beanshell UI/Userview Permission - User is in THREE groups.
INFO    10 Feb 2025 14:56:11 Beanshell UI/Userview Permission - Script result: true
INFO    10 Feb 2025 14:56:23 Beanshell UI/Userview Permission - Checking if user ID: david is in all three group IDs: G-000002, G-000003, G-000001, G-000009
INFO    10 Feb 2025 14:56:23 Beanshell UI/Userview Permission - User is not in FOUR groups.
INFO    10 Feb 2025 14:56:23 Beanshell UI/Userview Permission - Script result: false
INFO    10 Feb 2025 14:56:23 Beanshell UI/Userview Permission - Checking if user ID: david is in all three group IDs: G-000002, G-000003, G-000001
INFO    10 Feb 2025 14:56:23 Beanshell UI/Userview Permission - User is in THREE groups.
INFO    10 Feb 2025 14:56:23 Beanshell UI/Userview Permission - Script result: true
INFO    10 Feb 2025 14:56:23 id.co.itasoft.istw.HashCheckIsValidApprovalURL - DEBUG MODE: variableKey : isTilakaUserLoginNextSequence[/jw/web/userview/istwDigitalSign/v/_/dashboard;]
INFO    10 Feb 2025 14:56:23 id.co.itasoft.istw.HashCheckIsValidApprovalURL - DEBUG MODE: url : /jw/web/userview/istwDigitalSign/v/_/dashboard
INFO    10 Feb 2025 14:56:23 id.co.itasoft.istw.HashCheckIsValidApprovalURL - DEBUG MODE: variableKey : isSignedByUserLogin[/jw/web/userview/istwDigitalSign/v/_/dashboard;]
INFO    10 Feb 2025 14:56:23 Beanshell UI/Userview Permission - Checking if user ID: david is in all three group IDs: G-000002, G-000003, G-000001, G-000009
INFO    10 Feb 2025 14:56:23 Beanshell UI/Userview Permission - User is not in FOUR groups.
INFO    10 Feb 2025 14:56:23 Beanshell UI/Userview Permission - Script result: false
INFO    10 Feb 2025 14:56:23 Beanshell UI/Userview Permission - Checking if user ID: david is in all three group IDs: G-000002, G-000003, G-000001
INFO    10 Feb 2025 14:56:23 Beanshell UI/Userview Permission - User is in THREE groups.
INFO    10 Feb 2025 14:56:23 Beanshell UI/Userview Permission - Script result: true
INFO    10 Feb 2025 14:56:25 Beanshell UI/Userview Permission - Checking if user ID:  is in all three group IDs: G-000002, G-000003, G-000001, G-000009
INFO    10 Feb 2025 14:56:25 Beanshell UI/Userview Permission - User is not in FOUR groups.
INFO    10 Feb 2025 14:56:25 Beanshell UI/Userview Permission - Script result: false
INFO    10 Feb 2025 14:56:25 Beanshell UI/Userview Permission - Checking if user ID:  is in all three group IDs: G-000002, G-000003, G-000001
INFO    10 Feb 2025 14:56:25 Beanshell UI/Userview Permission - User is not in THREE groups.
INFO    10 Feb 2025 14:56:25 Beanshell UI/Userview Permission - Script result: false
INFO    10 Feb 2025 14:56:25 Beanshell UI/Userview Permission - User does not meet the required group conditions.
INFO    10 Feb 2025 14:56:25 Beanshell UI/Userview Permission - Script result: false
INFO    10 Feb 2025 14:56:25 Beanshell UI/Userview Permission - User not found in group.
INFO    10 Feb 2025 14:56:25 Beanshell UI/Userview Permission - Script result: false
INFO    10 Feb 2025 14:56:25 Beanshell UI/Userview Permission - Checking if user ID:  is in all three group IDs: G-000002, G-000003, G-000001, G-000009
INFO    10 Feb 2025 14:56:25 Beanshell UI/Userview Permission - User is not in FOUR groups.
INFO    10 Feb 2025 14:56:25 Beanshell UI/Userview Permission - Script result: false
INFO    10 Feb 2025 14:56:25 Beanshell UI/Userview Permission - Checking if user ID:  is in all three group IDs: G-000002, G-000003, G-000001
INFO    10 Feb 2025 14:56:25 Beanshell UI/Userview Permission - User is not in THREE groups.
INFO    10 Feb 2025 14:56:25 Beanshell UI/Userview Permission - Script result: false
INFO    10 Feb 2025 14:56:25 Beanshell UI/Userview Permission - User does not meet the required group conditions.
INFO    10 Feb 2025 14:56:25 Beanshell UI/Userview Permission - Script result: false
INFO    10 Feb 2025 14:56:25 Beanshell UI/Userview Permission - User not found in group.
INFO    10 Feb 2025 14:56:25 Beanshell UI/Userview Permission - Script result: false
INFO    10 Feb 2025 14:56:36 Beanshell UI/Userview Permission - Checking if user ID:  is in all three group IDs: G-000002, G-000003, G-000001, G-000009
INFO    10 Feb 2025 14:56:36 Beanshell UI/Userview Permission - User is not in FOUR groups.
INFO    10 Feb 2025 14:56:36 Beanshell UI/Userview Permission - Script result: false
INFO    10 Feb 2025 14:56:36 Beanshell UI/Userview Permission - Checking if user ID:  is in all three group IDs: G-000002, G-000003, G-000001
INFO    10 Feb 2025 14:56:36 Beanshell UI/Userview Permission - User is not in THREE groups.
INFO    10 Feb 2025 14:56:36 Beanshell UI/Userview Permission - Script result: false
INFO    10 Feb 2025 14:56:36 Beanshell UI/Userview Permission - User does not meet the required group conditions.
INFO    10 Feb 2025 14:56:36 Beanshell UI/Userview Permission - Script result: false
INFO    10 Feb 2025 14:56:36 Beanshell UI/Userview Permission - User not found in group.
INFO    10 Feb 2025 14:56:36 Beanshell UI/Userview Permission - Script result: false
INFO    10 Feb 2025 14:56:40 id.co.itasoft.istw.HashCustomUserviewPermissionCSS - user is role admin
INFO    10 Feb 2025 14:56:40 id.co.itasoft.istw.HashCheckIsValidApprovalURL - DEBUG MODE: variableKey : isTilakaUserLoginNextSequence[/jw/web/userview/istwDigitalSign/v/_/dashboard;]
INFO    10 Feb 2025 14:56:40 id.co.itasoft.istw.HashCheckIsValidApprovalURL - DEBUG MODE: url : /jw/web/userview/istwDigitalSign/v/_/dashboard
INFO    10 Feb 2025 14:56:40 id.co.itasoft.istw.HashCheckIsValidApprovalURL - DEBUG MODE: variableKey : isSignedByUserLogin[/jw/web/userview/istwDigitalSign/v/_/dashboard;]
INFO    10 Feb 2025 14:57:32 Beanshell UI/Userview Permission - Checking if user ID:  is in all three group IDs: G-000002, G-000003, G-000001, G-000009
INFO    10 Feb 2025 14:57:32 Beanshell UI/Userview Permission - User is not in FOUR groups.
INFO    10 Feb 2025 14:57:32 Beanshell UI/Userview Permission - Script result: false
INFO    10 Feb 2025 14:57:32 Beanshell UI/Userview Permission - Checking if user ID:  is in all three group IDs: G-000002, G-000003, G-000001
INFO    10 Feb 2025 14:57:32 Beanshell UI/Userview Permission - User is not in THREE groups.
INFO    10 Feb 2025 14:57:32 Beanshell UI/Userview Permission - Script result: false
INFO    10 Feb 2025 14:57:32 Beanshell UI/Userview Permission - User does not meet the required group conditions.
INFO    10 Feb 2025 14:57:32 Beanshell UI/Userview Permission - Script result: false
INFO    10 Feb 2025 14:57:32 Beanshell UI/Userview Permission - User not found in group.
INFO    10 Feb 2025 14:57:32 Beanshell UI/Userview Permission - Script result: false
INFO    10 Feb 2025 14:57:32 Beanshell UI/Userview Permission - Checking if user ID:  is in all three group IDs: G-000002, G-000003, G-000001, G-000009
INFO    10 Feb 2025 14:57:32 Beanshell UI/Userview Permission - User is not in FOUR groups.
INFO    10 Feb 2025 14:57:32 Beanshell UI/Userview Permission - Script result: false
INFO    10 Feb 2025 14:57:32 Beanshell UI/Userview Permission - Checking if user ID:  is in all three group IDs: G-000002, G-000003, G-000001
INFO    10 Feb 2025 14:57:32 Beanshell UI/Userview Permission - User is not in THREE groups.
INFO    10 Feb 2025 14:57:32 Beanshell UI/Userview Permission - Script result: false
INFO    10 Feb 2025 14:57:32 Beanshell UI/Userview Permission - User does not meet the required group conditions.
INFO    10 Feb 2025 14:57:32 Beanshell UI/Userview Permission - Script result: false
INFO    10 Feb 2025 14:57:32 Beanshell UI/Userview Permission - User not found in group.
INFO    10 Feb 2025 14:57:32 Beanshell UI/Userview Permission - Script result: false
INFO    10 Feb 2025 14:57:37 id.co.itasoft.istw.HashCustomUserviewPermissionCSS - user is role admin
INFO    10 Feb 2025 14:57:37 id.co.itasoft.istw.HashCheckIsValidApprovalURL - DEBUG MODE: variableKey : isTilakaUserLoginNextSequence[/jw/web/userview/istwDigitalSign/v/_/dashboard;]
INFO    10 Feb 2025 14:57:37 id.co.itasoft.istw.HashCheckIsValidApprovalURL - DEBUG MODE: url : /jw/web/userview/istwDigitalSign/v/_/dashboard
INFO    10 Feb 2025 14:57:37 id.co.itasoft.istw.HashCheckIsValidApprovalURL - DEBUG MODE: variableKey : isSignedByUserLogin[/jw/web/userview/istwDigitalSign/v/_/dashboard;]
INFO    10 Feb 2025 14:57:43 id.co.itasoft.istw.HashCustomUserviewPermissionCSS - user is role admin
INFO    10 Feb 2025 14:57:43 id.co.itasoft.istw.HashCheckIsValidApprovalURL - DEBUG MODE: variableKey : isTilakaUserLoginNextSequence[/jw/web/userview/istwDigitalSign/v/_/_ja_profile;]
INFO    10 Feb 2025 14:57:43 id.co.itasoft.istw.HashCheckIsValidApprovalURL - DEBUG MODE: url : /jw/web/userview/istwDigitalSign/v/_/_ja_profile
INFO    10 Feb 2025 14:57:43 id.co.itasoft.istw.HashCheckIsValidApprovalURL - DEBUG MODE: variableKey : isSignedByUserLogin[/jw/web/userview/istwDigitalSign/v/_/_ja_profile;]
ERROR   10 Feb 2025 18:00:50 org.hibernate.engine.jdbc.spi.SqlExceptionHelper - SQL Server did not return a response. The connection has been closed.
ERROR   10 Feb 2025 18:00:50 org.joget.workflow.shark.DeadlineChecker - javax.persistence.PersistenceException: org.hibernate.exception.JDBCConnectionException: could not extract ResultSet
javax.persistence.PersistenceException: org.hibernate.exception.JDBCConnectionException: could not extract ResultSet
	at org.hibernate.internal.ExceptionConverterImpl.convert(ExceptionConverterImpl.java:154) ~[hibernate-core-5.6.15.Final.jar:5.6.15.Final]
	at org.hibernate.query.internal.AbstractProducedQuery.list(AbstractProducedQuery.java:1626) ~[hibernate-core-5.6.15.Final.jar:5.6.15.Final]
	at org.joget.workflow.shark.model.dao.DeadlineDao.getProcessIdsWithDeadlines(DeadlineDao.java:69) ~[wflow-wfengine-8.1.8.jar:?]
	at org.joget.workflow.shark.model.dao.DeadlineDao$$FastClassBySpringCGLIB$$aabaab08.invoke(<generated>) ~[wflow-wfengine-8.1.8.jar:?]
	at org.springframework.cglib.proxy.MethodProxy.invoke(MethodProxy.java:218) ~[spring-core-5.3.39.jar:5.3.39]
	at org.springframework.aop.framework.CglibAopProxy$CglibMethodInvocation.invokeJoinpoint(CglibAopProxy.java:792) ~[spring-aop-5.3.39.jar:5.3.39]
	at org.springframework.aop.framework.ReflectiveMethodInvocation.proceed(ReflectiveMethodInvocation.java:163) ~[spring-aop-5.3.39.jar:5.3.39]
	at org.springframework.aop.framework.CglibAopProxy$CglibMethodInvocation.proceed(CglibAopProxy.java:762) ~[spring-aop-5.3.39.jar:5.3.39]
	at org.springframework.transaction.interceptor.TransactionInterceptor$1.proceedWithInvocation(TransactionInterceptor.java:123) ~[spring-tx-5.3.39.jar:5.3.39]
	at org.springframework.transaction.interceptor.TransactionAspectSupport.invokeWithinTransaction(TransactionAspectSupport.java:388) ~[spring-tx-5.3.39.jar:5.3.39]
	at org.springframework.transaction.interceptor.TransactionInterceptor.invoke(TransactionInterceptor.java:119) ~[spring-tx-5.3.39.jar:5.3.39]
	at org.springframework.aop.framework.ReflectiveMethodInvocation.proceed(ReflectiveMethodInvocation.java:186) ~[spring-aop-5.3.39.jar:5.3.39]
	at org.springframework.aop.framework.CglibAopProxy$CglibMethodInvocation.proceed(CglibAopProxy.java:762) ~[spring-aop-5.3.39.jar:5.3.39]
	at org.springframework.aop.interceptor.ExposeInvocationInterceptor.invoke(ExposeInvocationInterceptor.java:97) ~[spring-aop-5.3.39.jar:5.3.39]
	at org.springframework.aop.framework.ReflectiveMethodInvocation.proceed(ReflectiveMethodInvocation.java:186) ~[spring-aop-5.3.39.jar:5.3.39]
	at org.springframework.aop.framework.CglibAopProxy$CglibMethodInvocation.proceed(CglibAopProxy.java:762) ~[spring-aop-5.3.39.jar:5.3.39]
	at org.springframework.aop.framework.CglibAopProxy$DynamicAdvisedInterceptor.intercept(CglibAopProxy.java:707) ~[spring-aop-5.3.39.jar:5.3.39]
	at org.joget.workflow.shark.model.dao.DeadlineDao$$EnhancerBySpringCGLIB$$465e8e9.getProcessIdsWithDeadlines(<generated>) ~[wflow-wfengine-8.1.8.jar:?]
	at org.joget.workflow.shark.DeadlineChecker.runMe(DeadlineChecker.java:190) [wflow-wfengine-8.1.8.jar:?]
	at org.joget.workflow.shark.DeadlineChecker.run(DeadlineChecker.java:143) [wflow-wfengine-8.1.8.jar:?]
Caused by: org.hibernate.exception.JDBCConnectionException: could not extract ResultSet
	at org.hibernate.exception.internal.SQLStateConversionDelegate.convert(SQLStateConversionDelegate.java:112) ~[hibernate-core-5.6.15.Final.jar:5.6.15.Final]
	at org.hibernate.exception.internal.StandardSQLExceptionConverter.convert(StandardSQLExceptionConverter.java:37) ~[hibernate-core-5.6.15.Final.jar:5.6.15.Final]
	at org.hibernate.engine.jdbc.spi.SqlExceptionHelper.convert(SqlExceptionHelper.java:113) ~[hibernate-core-5.6.15.Final.jar:5.6.15.Final]
	at org.hibernate.engine.jdbc.spi.SqlExceptionHelper.convert(SqlExceptionHelper.java:99) ~[hibernate-core-5.6.15.Final.jar:5.6.15.Final]
	at org.hibernate.engine.jdbc.internal.ResultSetReturnImpl.extract(ResultSetReturnImpl.java:67) ~[hibernate-core-5.6.15.Final.jar:5.6.15.Final]
	at org.hibernate.loader.Loader.getResultSet(Loader.java:2322) ~[hibernate-core-5.6.15.Final.jar:5.6.15.Final]
	at org.hibernate.loader.Loader.executeQueryStatement(Loader.java:2075) ~[hibernate-core-5.6.15.Final.jar:5.6.15.Final]
	at org.hibernate.loader.Loader.executeQueryStatement(Loader.java:2037) ~[hibernate-core-5.6.15.Final.jar:5.6.15.Final]
	at org.hibernate.loader.Loader.doQuery(Loader.java:956) ~[hibernate-core-5.6.15.Final.jar:5.6.15.Final]
	at org.hibernate.loader.Loader.doQueryAndInitializeNonLazyCollections(Loader.java:357) ~[hibernate-core-5.6.15.Final.jar:5.6.15.Final]
	at org.hibernate.loader.Loader.doList(Loader.java:2868) ~[hibernate-core-5.6.15.Final.jar:5.6.15.Final]
	at org.hibernate.loader.Loader.doList(Loader.java:2850) ~[hibernate-core-5.6.15.Final.jar:5.6.15.Final]
	at org.hibernate.loader.Loader.listIgnoreQueryCache(Loader.java:2682) ~[hibernate-core-5.6.15.Final.jar:5.6.15.Final]
	at org.hibernate.loader.Loader.list(Loader.java:2677) ~[hibernate-core-5.6.15.Final.jar:5.6.15.Final]
	at org.hibernate.loader.hql.QueryLoader.list(QueryLoader.java:540) ~[hibernate-core-5.6.15.Final.jar:5.6.15.Final]
	at org.hibernate.hql.internal.ast.QueryTranslatorImpl.list(QueryTranslatorImpl.java:400) ~[hibernate-core-5.6.15.Final.jar:5.6.15.Final]
	at org.hibernate.engine.query.spi.HQLQueryPlan.performList(HQLQueryPlan.java:218) ~[hibernate-core-5.6.15.Final.jar:5.6.15.Final]
	at org.hibernate.internal.SessionImpl.list(SessionImpl.java:1459) ~[hibernate-core-5.6.15.Final.jar:5.6.15.Final]
	at org.hibernate.query.internal.AbstractProducedQuery.doList(AbstractProducedQuery.java:1649) ~[hibernate-core-5.6.15.Final.jar:5.6.15.Final]
	at org.hibernate.query.internal.AbstractProducedQuery.list(AbstractProducedQuery.java:1617) ~[hibernate-core-5.6.15.Final.jar:5.6.15.Final]
	... 18 more
Caused by: com.microsoft.sqlserver.jdbc.SQLServerException: SQL Server did not return a response. The connection has been closed.
	at com.microsoft.sqlserver.jdbc.SQLServerConnection.terminate(SQLServerConnection.java:3422) ~[mssql-jdbc-9.4.0.jre8.jar:?]
	at com.microsoft.sqlserver.jdbc.SQLServerConnection.terminate(SQLServerConnection.java:3411) ~[mssql-jdbc-9.4.0.jre8.jar:?]
	at com.microsoft.sqlserver.jdbc.TDSReader.readPacket(IOBuffer.java:6623) ~[mssql-jdbc-9.4.0.jre8.jar:?]
	at com.microsoft.sqlserver.jdbc.TDSCommand.startResponse(IOBuffer.java:7802) ~[mssql-jdbc-9.4.0.jre8.jar:?]
	at com.microsoft.sqlserver.jdbc.SQLServerPreparedStatement.doExecutePreparedStatement(SQLServerPreparedStatement.java:613) ~[mssql-jdbc-9.4.0.jre8.jar:?]
	at com.microsoft.sqlserver.jdbc.SQLServerPreparedStatement$PrepStmtExecCmd.doExecute(SQLServerPreparedStatement.java:537) ~[mssql-jdbc-9.4.0.jre8.jar:?]
	at com.microsoft.sqlserver.jdbc.TDSCommand.execute(IOBuffer.java:7417) ~[mssql-jdbc-9.4.0.jre8.jar:?]
	at com.microsoft.sqlserver.jdbc.SQLServerConnection.executeCommand(SQLServerConnection.java:3488) ~[mssql-jdbc-9.4.0.jre8.jar:?]
	at com.microsoft.sqlserver.jdbc.SQLServerStatement.executeCommand_aroundBody2(SQLServerStatement.java:262) ~[mssql-jdbc-9.4.0.jre8.jar:?]
	at com.microsoft.sqlserver.jdbc.SQLServerStatement.executeCommand_aroundBody3$advice(SQLServerStatement.java:130) ~[mssql-jdbc-9.4.0.jre8.jar:?]
	at com.microsoft.sqlserver.jdbc.SQLServerStatement.executeCommand(SQLServerStatement.java:1) ~[mssql-jdbc-9.4.0.jre8.jar:?]
	at com.microsoft.sqlserver.jdbc.SQLServerStatement.executeStatement_aroundBody0(SQLServerStatement.java:237) ~[mssql-jdbc-9.4.0.jre8.jar:?]
	at com.microsoft.sqlserver.jdbc.SQLServerStatement.executeStatement_aroundBody1$advice(SQLServerStatement.java:130) ~[mssql-jdbc-9.4.0.jre8.jar:?]
	at com.microsoft.sqlserver.jdbc.SQLServerStatement.executeStatement(SQLServerStatement.java:1) ~[mssql-jdbc-9.4.0.jre8.jar:?]
	at com.microsoft.sqlserver.jdbc.SQLServerPreparedStatement.executeQuery_aroundBody0(SQLServerPreparedStatement.java:456) ~[mssql-jdbc-9.4.0.jre8.jar:?]
	at com.microsoft.sqlserver.jdbc.SQLServerPreparedStatement.executeQuery_aroundBody1$advice(SQLServerPreparedStatement.java:130) ~[mssql-jdbc-9.4.0.jre8.jar:?]
	at com.microsoft.sqlserver.jdbc.SQLServerPreparedStatement.executeQuery(SQLServerPreparedStatement.java:1) ~[mssql-jdbc-9.4.0.jre8.jar:?]
	at jdk.internal.reflect.GeneratedMethodAccessor129.invoke(Unknown Source) ~[?:?]
	at java.base/jdk.internal.reflect.DelegatingMethodAccessorImpl.invoke(DelegatingMethodAccessorImpl.java:43) ~[?:?]
	at java.base/java.lang.reflect.Method.invoke(Method.java:566) ~[?:?]
	at org.apache.tomcat.jdbc.pool.StatementFacade$StatementProxy.invoke(StatementFacade.java:123) ~[tomcat-jdbc-9.0.97.jar:?]
	at com.sun.proxy.$Proxy99.executeQuery_aroundBody26(Unknown Source) ~[?:?]
	at com.sun.proxy.$Proxy99.executeQuery_aroundBody27$advice(Unknown Source) ~[?:?]
	at com.sun.proxy.$Proxy99.executeQuery(Unknown Source) ~[?:?]
	at org.hibernate.engine.jdbc.internal.ResultSetReturnImpl.extract(ResultSetReturnImpl.java:57) ~[hibernate-core-5.6.15.Final.jar:5.6.15.Final]
	at org.hibernate.loader.Loader.getResultSet(Loader.java:2322) ~[hibernate-core-5.6.15.Final.jar:5.6.15.Final]
	at org.hibernate.loader.Loader.executeQueryStatement(Loader.java:2075) ~[hibernate-core-5.6.15.Final.jar:5.6.15.Final]
	at org.hibernate.loader.Loader.executeQueryStatement(Loader.java:2037) ~[hibernate-core-5.6.15.Final.jar:5.6.15.Final]
	at org.hibernate.loader.Loader.doQuery(Loader.java:956) ~[hibernate-core-5.6.15.Final.jar:5.6.15.Final]
	at org.hibernate.loader.Loader.doQueryAndInitializeNonLazyCollections(Loader.java:357) ~[hibernate-core-5.6.15.Final.jar:5.6.15.Final]
	at org.hibernate.loader.Loader.doList(Loader.java:2868) ~[hibernate-core-5.6.15.Final.jar:5.6.15.Final]
	at org.hibernate.loader.Loader.doList(Loader.java:2850) ~[hibernate-core-5.6.15.Final.jar:5.6.15.Final]
	at org.hibernate.loader.Loader.listIgnoreQueryCache(Loader.java:2682) ~[hibernate-core-5.6.15.Final.jar:5.6.15.Final]
	at org.hibernate.loader.Loader.list(Loader.java:2677) ~[hibernate-core-5.6.15.Final.jar:5.6.15.Final]
	at org.hibernate.loader.hql.QueryLoader.list(QueryLoader.java:540) ~[hibernate-core-5.6.15.Final.jar:5.6.15.Final]
	at org.hibernate.hql.internal.ast.QueryTranslatorImpl.list(QueryTranslatorImpl.java:400) ~[hibernate-core-5.6.15.Final.jar:5.6.15.Final]
	at org.hibernate.engine.query.spi.HQLQueryPlan.performList(HQLQueryPlan.java:218) ~[hibernate-core-5.6.15.Final.jar:5.6.15.Final]
	at org.hibernate.internal.SessionImpl.list(SessionImpl.java:1459) ~[hibernate-core-5.6.15.Final.jar:5.6.15.Final]
	at org.hibernate.query.internal.AbstractProducedQuery.doList(AbstractProducedQuery.java:1649) ~[hibernate-core-5.6.15.Final.jar:5.6.15.Final]
	at org.hibernate.query.internal.AbstractProducedQuery.list(AbstractProducedQuery.java:1617) ~[hibernate-core-5.6.15.Final.jar:5.6.15.Final]
	... 18 more
INFO    11 Feb 2025 09:02:36 org.enhydra.shark.SharkUtilitiesAspect - Cache counter range for _activity_ : [34801 - 35001]
INFO    11 Feb 2025 09:02:36 org.enhydra.shark.SharkUtilitiesAspect - Cache object id range : [1078000 - 1078200]
INFO    11 Feb 2025 09:02:36 org.enhydra.shark.SharkUtilitiesAspect - Cache counter range for _activitydata_ : [62201 - 62401]
INFO    11 Feb 2025 09:02:37 Beanshell Decision - daysLeft: -96
INFO    11 Feb 2025 09:02:37 Beanshell Decision - ds_status: awaiting
INFO    11 Feb 2025 09:02:37 Beanshell Decision - do decision: doRemind
INFO    11 Feb 2025 09:02:38 id.co.itasoft.istw.EmailReminderRecipients - debug : c_type_request : internal
INFO    11 Feb 2025 09:02:38 id.co.itasoft.istw.EmailReminderRecipients - debug : adjustby_receiver : etta
INFO    11 Feb 2025 09:02:38 org.enhydra.shark.SharkUtilitiesAspect - Cache counter range for deadline : [25001 - 25201]
INFO    11 Feb 2025 09:02:38 Participant Map fo Adjuster - primaryKey : 5ea69a13-5f52-41c9-abdf-f3a78daf57ca
INFO    11 Feb 2025 09:02:38 org.joget.workflow.shark.WorkflowAssignmentManager - [processId=14201_istwDigitalSign_ds_process, processDefId=istwDigitalSign#78#ds_process, participantId=ds_process_adjuster, next user=[etta]]
INFO    11 Feb 2025 09:02:38 org.enhydra.shark.SharkUtilitiesAspect - Cache counter range for _assignment_ : [30401 - 30601]
INFO    11 Feb 2025 09:02:39 Beanshell Decision - daysLeft: -63
INFO    11 Feb 2025 09:02:39 Beanshell Decision - ds_status: awaiting
INFO    11 Feb 2025 09:02:39 Beanshell Decision - do decision: doRemind
INFO    11 Feb 2025 09:02:39 id.co.itasoft.istw.EmailReminderRecipients - debug : c_type_request : internal
INFO    11 Feb 2025 09:02:39 id.co.itasoft.istw.EmailReminderRecipients - debug : adjustby_receiver : null
INFO    11 Feb 2025 09:02:39 id.co.itasoft.istw.EmailReminderRecipients - debug : approveby_receiver : julia
INFO    11 Feb 2025 09:02:39 Participant Map fo Adjuster - primaryKey : 7d58dd9c-edc2-44dc-8bd3-dd2bc0b9fbd9
INFO    11 Feb 2025 09:02:39 org.joget.workflow.shark.WorkflowAssignmentManager - [processId=16201_istwDigitalSign_ds_process, processDefId=istwDigitalSign#92#ds_process, participantId=ds_process_adjuster, next user=[cat]]
INFO    11 Feb 2025 09:02:39 Beanshell Decision - daysLeft: -63
INFO    11 Feb 2025 09:02:39 Beanshell Decision - ds_status: awaiting
INFO    11 Feb 2025 09:02:39 Beanshell Decision - do decision: doRemind
INFO    11 Feb 2025 09:02:39 id.co.itasoft.istw.EmailReminderRecipients - debug : c_type_request : internal
INFO    11 Feb 2025 09:02:39 id.co.itasoft.istw.EmailReminderRecipients - debug : adjustby_receiver : etta
INFO    11 Feb 2025 09:02:39 Participant Map fo Adjuster - primaryKey : 3a1a0a6d-24c9-4fd7-a6d4-8b721890042f
INFO    11 Feb 2025 09:02:39 org.joget.workflow.shark.WorkflowAssignmentManager - [processId=16202_istwDigitalSign_ds_process, processDefId=istwDigitalSign#92#ds_process, participantId=ds_process_adjuster, next user=[etta]]
INFO    11 Feb 2025 09:38:57 Beanshell UI/Userview Permission - Checking if user ID:  is in all three group IDs: G-000002, G-000003, G-000001, G-000009
INFO    11 Feb 2025 09:38:57 Beanshell UI/Userview Permission - User is not in FOUR groups.
INFO    11 Feb 2025 09:38:57 Beanshell UI/Userview Permission - Script result: false
INFO    11 Feb 2025 09:38:57 Beanshell UI/Userview Permission - Checking if user ID:  is in all three group IDs: G-000002, G-000003, G-000001
INFO    11 Feb 2025 09:38:57 Beanshell UI/Userview Permission - User is not in THREE groups.
INFO    11 Feb 2025 09:38:57 Beanshell UI/Userview Permission - Script result: false
INFO    11 Feb 2025 09:38:57 Beanshell UI/Userview Permission - User does not meet the required group conditions.
INFO    11 Feb 2025 09:38:57 Beanshell UI/Userview Permission - Script result: false
INFO    11 Feb 2025 09:38:57 Beanshell UI/Userview Permission - User not found in group.
INFO    11 Feb 2025 09:38:57 Beanshell UI/Userview Permission - Script result: false
INFO    12 Feb 2025 09:02:49 org.enhydra.shark.SharkUtilitiesAspect - Cache counter range for _activity_ : [35001 - 35201]
INFO    12 Feb 2025 09:02:49 org.enhydra.shark.SharkUtilitiesAspect - Cache object id range : [1078200 - 1078400]
INFO    12 Feb 2025 09:02:49 org.enhydra.shark.SharkUtilitiesAspect - Cache counter range for _activitydata_ : [62401 - 62601]
INFO    12 Feb 2025 09:02:50 Beanshell Decision - daysLeft: -97
INFO    12 Feb 2025 09:02:50 Beanshell Decision - ds_status: awaiting
INFO    12 Feb 2025 09:02:50 Beanshell Decision - do decision: doRemind
INFO    12 Feb 2025 09:02:50 id.co.itasoft.istw.EmailReminderRecipients - debug : c_type_request : internal
INFO    12 Feb 2025 09:02:51 id.co.itasoft.istw.EmailReminderRecipients - debug : adjustby_receiver : etta
INFO    12 Feb 2025 09:02:51 org.enhydra.shark.SharkUtilitiesAspect - Cache counter range for deadline : [25201 - 25401]
INFO    12 Feb 2025 09:02:51 Participant Map fo Adjuster - primaryKey : 5ea69a13-5f52-41c9-abdf-f3a78daf57ca
INFO    12 Feb 2025 09:02:52 org.joget.workflow.shark.WorkflowAssignmentManager - [processId=14201_istwDigitalSign_ds_process, processDefId=istwDigitalSign#78#ds_process, participantId=ds_process_adjuster, next user=[etta]]
INFO    12 Feb 2025 09:02:52 org.enhydra.shark.SharkUtilitiesAspect - Cache counter range for _assignment_ : [30601 - 30801]
INFO    12 Feb 2025 09:02:52 Beanshell Decision - daysLeft: -64
INFO    12 Feb 2025 09:02:52 Beanshell Decision - ds_status: awaiting
INFO    12 Feb 2025 09:02:52 Beanshell Decision - do decision: doRemind
INFO    12 Feb 2025 09:02:52 id.co.itasoft.istw.EmailReminderRecipients - debug : c_type_request : internal
INFO    12 Feb 2025 09:02:52 id.co.itasoft.istw.EmailReminderRecipients - debug : adjustby_receiver : null
INFO    12 Feb 2025 09:02:52 id.co.itasoft.istw.EmailReminderRecipients - debug : approveby_receiver : julia
INFO    12 Feb 2025 09:02:52 Participant Map fo Adjuster - primaryKey : 7d58dd9c-edc2-44dc-8bd3-dd2bc0b9fbd9
INFO    12 Feb 2025 09:02:52 org.joget.workflow.shark.WorkflowAssignmentManager - [processId=16201_istwDigitalSign_ds_process, processDefId=istwDigitalSign#92#ds_process, participantId=ds_process_adjuster, next user=[cat]]
INFO    12 Feb 2025 09:02:52 Beanshell Decision - daysLeft: -64
INFO    12 Feb 2025 09:02:52 Beanshell Decision - ds_status: awaiting
INFO    12 Feb 2025 09:02:52 Beanshell Decision - do decision: doRemind
INFO    12 Feb 2025 09:02:52 id.co.itasoft.istw.EmailReminderRecipients - debug : c_type_request : internal
INFO    12 Feb 2025 09:02:52 id.co.itasoft.istw.EmailReminderRecipients - debug : adjustby_receiver : etta
INFO    12 Feb 2025 09:02:52 Participant Map fo Adjuster - primaryKey : 3a1a0a6d-24c9-4fd7-a6d4-8b721890042f
INFO    12 Feb 2025 09:02:52 org.joget.workflow.shark.WorkflowAssignmentManager - [processId=16202_istwDigitalSign_ds_process, processDefId=istwDigitalSign#92#ds_process, participantId=ds_process_adjuster, next user=[etta]]
INFO    12 Feb 2025 16:05:09 Beanshell UI/Userview Permission - Checking if user ID:  is in all three group IDs: G-000002, G-000003, G-000001, G-000009
INFO    12 Feb 2025 16:05:09 Beanshell UI/Userview Permission - User is not in FOUR groups.
INFO    12 Feb 2025 16:05:09 Beanshell UI/Userview Permission - Script result: false
INFO    12 Feb 2025 16:05:09 Beanshell UI/Userview Permission - Checking if user ID:  is in all three group IDs: G-000002, G-000003, G-000001
INFO    12 Feb 2025 16:05:09 Beanshell UI/Userview Permission - User is not in THREE groups.
INFO    12 Feb 2025 16:05:09 Beanshell UI/Userview Permission - Script result: false
INFO    12 Feb 2025 16:05:09 Beanshell UI/Userview Permission - User does not meet the required group conditions.
INFO    12 Feb 2025 16:05:09 Beanshell UI/Userview Permission - Script result: false
INFO    12 Feb 2025 16:05:09 Beanshell UI/Userview Permission - User not found in group.
INFO    12 Feb 2025 16:05:09 Beanshell UI/Userview Permission - Script result: false
INFO    12 Feb 2025 16:05:09 Beanshell UI/Userview Permission - Checking if user ID:  is in all three group IDs: G-000002, G-000003, G-000001, G-000009
INFO    12 Feb 2025 16:05:09 Beanshell UI/Userview Permission - User is not in FOUR groups.
INFO    12 Feb 2025 16:05:09 Beanshell UI/Userview Permission - Script result: false
INFO    12 Feb 2025 16:05:09 Beanshell UI/Userview Permission - Checking if user ID:  is in all three group IDs: G-000002, G-000003, G-000001
INFO    12 Feb 2025 16:05:09 Beanshell UI/Userview Permission - User is not in THREE groups.
INFO    12 Feb 2025 16:05:09 Beanshell UI/Userview Permission - Script result: false
INFO    12 Feb 2025 16:05:09 Beanshell UI/Userview Permission - User does not meet the required group conditions.
INFO    12 Feb 2025 16:05:09 Beanshell UI/Userview Permission - Script result: false
INFO    12 Feb 2025 16:05:09 Beanshell UI/Userview Permission - User not found in group.
INFO    12 Feb 2025 16:05:09 Beanshell UI/Userview Permission - Script result: false
ERROR   12 Feb 2025 18:00:52 org.hibernate.engine.jdbc.spi.SqlExceptionHelper - SQL Server did not return a response. The connection has been closed.
ERROR   12 Feb 2025 18:00:52 org.joget.workflow.shark.DeadlineChecker - javax.persistence.PersistenceException: org.hibernate.exception.JDBCConnectionException: could not extract ResultSet
javax.persistence.PersistenceException: org.hibernate.exception.JDBCConnectionException: could not extract ResultSet
	at org.hibernate.internal.ExceptionConverterImpl.convert(ExceptionConverterImpl.java:154) ~[hibernate-core-5.6.15.Final.jar:5.6.15.Final]
	at org.hibernate.query.internal.AbstractProducedQuery.list(AbstractProducedQuery.java:1626) ~[hibernate-core-5.6.15.Final.jar:5.6.15.Final]
	at org.joget.workflow.shark.model.dao.DeadlineDao.getProcessIdsWithDeadlines(DeadlineDao.java:69) ~[wflow-wfengine-8.1.8.jar:?]
	at org.joget.workflow.shark.model.dao.DeadlineDao$$FastClassBySpringCGLIB$$aabaab08.invoke(<generated>) ~[wflow-wfengine-8.1.8.jar:?]
	at org.springframework.cglib.proxy.MethodProxy.invoke(MethodProxy.java:218) ~[spring-core-5.3.39.jar:5.3.39]
	at org.springframework.aop.framework.CglibAopProxy$CglibMethodInvocation.invokeJoinpoint(CglibAopProxy.java:792) ~[spring-aop-5.3.39.jar:5.3.39]
	at org.springframework.aop.framework.ReflectiveMethodInvocation.proceed(ReflectiveMethodInvocation.java:163) ~[spring-aop-5.3.39.jar:5.3.39]
	at org.springframework.aop.framework.CglibAopProxy$CglibMethodInvocation.proceed(CglibAopProxy.java:762) ~[spring-aop-5.3.39.jar:5.3.39]
	at org.springframework.transaction.interceptor.TransactionInterceptor$1.proceedWithInvocation(TransactionInterceptor.java:123) ~[spring-tx-5.3.39.jar:5.3.39]
	at org.springframework.transaction.interceptor.TransactionAspectSupport.invokeWithinTransaction(TransactionAspectSupport.java:388) ~[spring-tx-5.3.39.jar:5.3.39]
	at org.springframework.transaction.interceptor.TransactionInterceptor.invoke(TransactionInterceptor.java:119) ~[spring-tx-5.3.39.jar:5.3.39]
	at org.springframework.aop.framework.ReflectiveMethodInvocation.proceed(ReflectiveMethodInvocation.java:186) ~[spring-aop-5.3.39.jar:5.3.39]
	at org.springframework.aop.framework.CglibAopProxy$CglibMethodInvocation.proceed(CglibAopProxy.java:762) ~[spring-aop-5.3.39.jar:5.3.39]
	at org.springframework.aop.interceptor.ExposeInvocationInterceptor.invoke(ExposeInvocationInterceptor.java:97) ~[spring-aop-5.3.39.jar:5.3.39]
	at org.springframework.aop.framework.ReflectiveMethodInvocation.proceed(ReflectiveMethodInvocation.java:186) ~[spring-aop-5.3.39.jar:5.3.39]
	at org.springframework.aop.framework.CglibAopProxy$CglibMethodInvocation.proceed(CglibAopProxy.java:762) ~[spring-aop-5.3.39.jar:5.3.39]
	at org.springframework.aop.framework.CglibAopProxy$DynamicAdvisedInterceptor.intercept(CglibAopProxy.java:707) ~[spring-aop-5.3.39.jar:5.3.39]
	at org.joget.workflow.shark.model.dao.DeadlineDao$$EnhancerBySpringCGLIB$$f53aeb33.getProcessIdsWithDeadlines(<generated>) ~[wflow-wfengine-8.1.8.jar:?]
	at org.joget.workflow.shark.DeadlineChecker.runMe(DeadlineChecker.java:190) [wflow-wfengine-8.1.8.jar:?]
	at org.joget.workflow.shark.DeadlineChecker.run(DeadlineChecker.java:143) [wflow-wfengine-8.1.8.jar:?]
Caused by: org.hibernate.exception.JDBCConnectionException: could not extract ResultSet
	at org.hibernate.exception.internal.SQLStateConversionDelegate.convert(SQLStateConversionDelegate.java:112) ~[hibernate-core-5.6.15.Final.jar:5.6.15.Final]
	at org.hibernate.exception.internal.StandardSQLExceptionConverter.convert(StandardSQLExceptionConverter.java:37) ~[hibernate-core-5.6.15.Final.jar:5.6.15.Final]
	at org.hibernate.engine.jdbc.spi.SqlExceptionHelper.convert(SqlExceptionHelper.java:113) ~[hibernate-core-5.6.15.Final.jar:5.6.15.Final]
	at org.hibernate.engine.jdbc.spi.SqlExceptionHelper.convert(SqlExceptionHelper.java:99) ~[hibernate-core-5.6.15.Final.jar:5.6.15.Final]
	at org.hibernate.engine.jdbc.internal.ResultSetReturnImpl.extract(ResultSetReturnImpl.java:67) ~[hibernate-core-5.6.15.Final.jar:5.6.15.Final]
	at org.hibernate.loader.Loader.getResultSet(Loader.java:2322) ~[hibernate-core-5.6.15.Final.jar:5.6.15.Final]
	at org.hibernate.loader.Loader.executeQueryStatement(Loader.java:2075) ~[hibernate-core-5.6.15.Final.jar:5.6.15.Final]
	at org.hibernate.loader.Loader.executeQueryStatement(Loader.java:2037) ~[hibernate-core-5.6.15.Final.jar:5.6.15.Final]
	at org.hibernate.loader.Loader.doQuery(Loader.java:956) ~[hibernate-core-5.6.15.Final.jar:5.6.15.Final]
	at org.hibernate.loader.Loader.doQueryAndInitializeNonLazyCollections(Loader.java:357) ~[hibernate-core-5.6.15.Final.jar:5.6.15.Final]
	at org.hibernate.loader.Loader.doList(Loader.java:2868) ~[hibernate-core-5.6.15.Final.jar:5.6.15.Final]
	at org.hibernate.loader.Loader.doList(Loader.java:2850) ~[hibernate-core-5.6.15.Final.jar:5.6.15.Final]
	at org.hibernate.loader.Loader.listIgnoreQueryCache(Loader.java:2682) ~[hibernate-core-5.6.15.Final.jar:5.6.15.Final]
	at org.hibernate.loader.Loader.list(Loader.java:2677) ~[hibernate-core-5.6.15.Final.jar:5.6.15.Final]
	at org.hibernate.loader.hql.QueryLoader.list(QueryLoader.java:540) ~[hibernate-core-5.6.15.Final.jar:5.6.15.Final]
	at org.hibernate.hql.internal.ast.QueryTranslatorImpl.list(QueryTranslatorImpl.java:400) ~[hibernate-core-5.6.15.Final.jar:5.6.15.Final]
	at org.hibernate.engine.query.spi.HQLQueryPlan.performList(HQLQueryPlan.java:218) ~[hibernate-core-5.6.15.Final.jar:5.6.15.Final]
	at org.hibernate.internal.SessionImpl.list(SessionImpl.java:1459) ~[hibernate-core-5.6.15.Final.jar:5.6.15.Final]
	at org.hibernate.query.internal.AbstractProducedQuery.doList(AbstractProducedQuery.java:1649) ~[hibernate-core-5.6.15.Final.jar:5.6.15.Final]
	at org.hibernate.query.internal.AbstractProducedQuery.list(AbstractProducedQuery.java:1617) ~[hibernate-core-5.6.15.Final.jar:5.6.15.Final]
	... 18 more
Caused by: com.microsoft.sqlserver.jdbc.SQLServerException: SQL Server did not return a response. The connection has been closed.
	at com.microsoft.sqlserver.jdbc.SQLServerConnection.terminate(SQLServerConnection.java:3422) ~[mssql-jdbc-9.4.0.jre8.jar:?]
	at com.microsoft.sqlserver.jdbc.SQLServerConnection.terminate(SQLServerConnection.java:3411) ~[mssql-jdbc-9.4.0.jre8.jar:?]
	at com.microsoft.sqlserver.jdbc.TDSReader.readPacket(IOBuffer.java:6623) ~[mssql-jdbc-9.4.0.jre8.jar:?]
	at com.microsoft.sqlserver.jdbc.TDSCommand.startResponse(IOBuffer.java:7802) ~[mssql-jdbc-9.4.0.jre8.jar:?]
	at com.microsoft.sqlserver.jdbc.SQLServerPreparedStatement.doExecutePreparedStatement(SQLServerPreparedStatement.java:613) ~[mssql-jdbc-9.4.0.jre8.jar:?]
	at com.microsoft.sqlserver.jdbc.SQLServerPreparedStatement$PrepStmtExecCmd.doExecute(SQLServerPreparedStatement.java:537) ~[mssql-jdbc-9.4.0.jre8.jar:?]
	at com.microsoft.sqlserver.jdbc.TDSCommand.execute(IOBuffer.java:7417) ~[mssql-jdbc-9.4.0.jre8.jar:?]
	at com.microsoft.sqlserver.jdbc.SQLServerConnection.executeCommand(SQLServerConnection.java:3488) ~[mssql-jdbc-9.4.0.jre8.jar:?]
	at com.microsoft.sqlserver.jdbc.SQLServerStatement.executeCommand_aroundBody2(SQLServerStatement.java:262) ~[mssql-jdbc-9.4.0.jre8.jar:?]
	at com.microsoft.sqlserver.jdbc.SQLServerStatement.executeCommand_aroundBody3$advice(SQLServerStatement.java:130) ~[mssql-jdbc-9.4.0.jre8.jar:?]
	at com.microsoft.sqlserver.jdbc.SQLServerStatement.executeCommand(SQLServerStatement.java:1) ~[mssql-jdbc-9.4.0.jre8.jar:?]
	at com.microsoft.sqlserver.jdbc.SQLServerStatement.executeStatement_aroundBody0(SQLServerStatement.java:237) ~[mssql-jdbc-9.4.0.jre8.jar:?]
	at com.microsoft.sqlserver.jdbc.SQLServerStatement.executeStatement_aroundBody1$advice(SQLServerStatement.java:130) ~[mssql-jdbc-9.4.0.jre8.jar:?]
	at com.microsoft.sqlserver.jdbc.SQLServerStatement.executeStatement(SQLServerStatement.java:1) ~[mssql-jdbc-9.4.0.jre8.jar:?]
	at com.microsoft.sqlserver.jdbc.SQLServerPreparedStatement.executeQuery_aroundBody0(SQLServerPreparedStatement.java:456) ~[mssql-jdbc-9.4.0.jre8.jar:?]
	at com.microsoft.sqlserver.jdbc.SQLServerPreparedStatement.executeQuery_aroundBody1$advice(SQLServerPreparedStatement.java:130) ~[mssql-jdbc-9.4.0.jre8.jar:?]
	at com.microsoft.sqlserver.jdbc.SQLServerPreparedStatement.executeQuery(SQLServerPreparedStatement.java:1) ~[mssql-jdbc-9.4.0.jre8.jar:?]
	at jdk.internal.reflect.GeneratedMethodAccessor129.invoke(Unknown Source) ~[?:?]
	at java.base/jdk.internal.reflect.DelegatingMethodAccessorImpl.invoke(DelegatingMethodAccessorImpl.java:43) ~[?:?]
	at java.base/java.lang.reflect.Method.invoke(Method.java:566) ~[?:?]
	at org.apache.tomcat.jdbc.pool.StatementFacade$StatementProxy.invoke(StatementFacade.java:123) ~[tomcat-jdbc-9.0.97.jar:?]
	at com.sun.proxy.$Proxy99.executeQuery_aroundBody26(Unknown Source) ~[?:?]
	at com.sun.proxy.$Proxy99.executeQuery_aroundBody27$advice(Unknown Source) ~[?:?]
	at com.sun.proxy.$Proxy99.executeQuery(Unknown Source) ~[?:?]
	at org.hibernate.engine.jdbc.internal.ResultSetReturnImpl.extract(ResultSetReturnImpl.java:57) ~[hibernate-core-5.6.15.Final.jar:5.6.15.Final]
	at org.hibernate.loader.Loader.getResultSet(Loader.java:2322) ~[hibernate-core-5.6.15.Final.jar:5.6.15.Final]
	at org.hibernate.loader.Loader.executeQueryStatement(Loader.java:2075) ~[hibernate-core-5.6.15.Final.jar:5.6.15.Final]
	at org.hibernate.loader.Loader.executeQueryStatement(Loader.java:2037) ~[hibernate-core-5.6.15.Final.jar:5.6.15.Final]
	at org.hibernate.loader.Loader.doQuery(Loader.java:956) ~[hibernate-core-5.6.15.Final.jar:5.6.15.Final]
	at org.hibernate.loader.Loader.doQueryAndInitializeNonLazyCollections(Loader.java:357) ~[hibernate-core-5.6.15.Final.jar:5.6.15.Final]
	at org.hibernate.loader.Loader.doList(Loader.java:2868) ~[hibernate-core-5.6.15.Final.jar:5.6.15.Final]
	at org.hibernate.loader.Loader.doList(Loader.java:2850) ~[hibernate-core-5.6.15.Final.jar:5.6.15.Final]
	at org.hibernate.loader.Loader.listIgnoreQueryCache(Loader.java:2682) ~[hibernate-core-5.6.15.Final.jar:5.6.15.Final]
	at org.hibernate.loader.Loader.list(Loader.java:2677) ~[hibernate-core-5.6.15.Final.jar:5.6.15.Final]
	at org.hibernate.loader.hql.QueryLoader.list(QueryLoader.java:540) ~[hibernate-core-5.6.15.Final.jar:5.6.15.Final]
	at org.hibernate.hql.internal.ast.QueryTranslatorImpl.list(QueryTranslatorImpl.java:400) ~[hibernate-core-5.6.15.Final.jar:5.6.15.Final]
	at org.hibernate.engine.query.spi.HQLQueryPlan.performList(HQLQueryPlan.java:218) ~[hibernate-core-5.6.15.Final.jar:5.6.15.Final]
	at org.hibernate.internal.SessionImpl.list(SessionImpl.java:1459) ~[hibernate-core-5.6.15.Final.jar:5.6.15.Final]
	at org.hibernate.query.internal.AbstractProducedQuery.doList(AbstractProducedQuery.java:1649) ~[hibernate-core-5.6.15.Final.jar:5.6.15.Final]
	at org.hibernate.query.internal.AbstractProducedQuery.list(AbstractProducedQuery.java:1617) ~[hibernate-core-5.6.15.Final.jar:5.6.15.Final]
	... 18 more
INFO    13 Feb 2025 09:02:58 org.enhydra.shark.SharkUtilitiesAspect - Cache counter range for _activity_ : [35201 - 35401]
INFO    13 Feb 2025 09:02:58 org.enhydra.shark.SharkUtilitiesAspect - Cache object id range : [1078400 - 1078600]
INFO    13 Feb 2025 09:02:58 org.enhydra.shark.SharkUtilitiesAspect - Cache counter range for _activitydata_ : [62601 - 62801]
INFO    13 Feb 2025 09:02:59 Beanshell Decision - daysLeft: -98
INFO    13 Feb 2025 09:02:59 Beanshell Decision - ds_status: awaiting
INFO    13 Feb 2025 09:02:59 Beanshell Decision - do decision: doRemind
INFO    13 Feb 2025 09:02:59 id.co.itasoft.istw.EmailReminderRecipients - debug : c_type_request : internal
INFO    13 Feb 2025 09:02:59 id.co.itasoft.istw.EmailReminderRecipients - debug : adjustby_receiver : etta
INFO    13 Feb 2025 09:03:00 org.enhydra.shark.SharkUtilitiesAspect - Cache counter range for deadline : [25401 - 25601]
INFO    13 Feb 2025 09:03:00 Participant Map fo Adjuster - primaryKey : 5ea69a13-5f52-41c9-abdf-f3a78daf57ca
INFO    13 Feb 2025 09:03:00 org.joget.workflow.shark.WorkflowAssignmentManager - [processId=14201_istwDigitalSign_ds_process, processDefId=istwDigitalSign#78#ds_process, participantId=ds_process_adjuster, next user=[etta]]
INFO    13 Feb 2025 09:03:00 org.enhydra.shark.SharkUtilitiesAspect - Cache counter range for _assignment_ : [30801 - 31001]
INFO    13 Feb 2025 09:03:00 Beanshell Decision - daysLeft: -65
INFO    13 Feb 2025 09:03:00 Beanshell Decision - ds_status: awaiting
INFO    13 Feb 2025 09:03:00 Beanshell Decision - do decision: doRemind
INFO    13 Feb 2025 09:03:00 id.co.itasoft.istw.EmailReminderRecipients - debug : c_type_request : internal
INFO    13 Feb 2025 09:03:00 id.co.itasoft.istw.EmailReminderRecipients - debug : adjustby_receiver : null
INFO    13 Feb 2025 09:03:00 id.co.itasoft.istw.EmailReminderRecipients - debug : approveby_receiver : julia
INFO    13 Feb 2025 09:03:00 Participant Map fo Adjuster - primaryKey : 7d58dd9c-edc2-44dc-8bd3-dd2bc0b9fbd9
INFO    13 Feb 2025 09:03:00 org.joget.workflow.shark.WorkflowAssignmentManager - [processId=16201_istwDigitalSign_ds_process, processDefId=istwDigitalSign#92#ds_process, participantId=ds_process_adjuster, next user=[cat]]
INFO    13 Feb 2025 09:03:01 Beanshell Decision - daysLeft: -65
INFO    13 Feb 2025 09:03:01 Beanshell Decision - ds_status: awaiting
INFO    13 Feb 2025 09:03:01 Beanshell Decision - do decision: doRemind
INFO    13 Feb 2025 09:03:01 id.co.itasoft.istw.EmailReminderRecipients - debug : c_type_request : internal
INFO    13 Feb 2025 09:03:01 id.co.itasoft.istw.EmailReminderRecipients - debug : adjustby_receiver : etta
INFO    13 Feb 2025 09:03:01 Participant Map fo Adjuster - primaryKey : 3a1a0a6d-24c9-4fd7-a6d4-8b721890042f
INFO    13 Feb 2025 09:03:01 org.joget.workflow.shark.WorkflowAssignmentManager - [processId=16202_istwDigitalSign_ds_process, processDefId=istwDigitalSign#92#ds_process, participantId=ds_process_adjuster, next user=[etta]]
INFO    13 Feb 2025 09:21:19 Beanshell UI/Userview Permission - Checking if user ID:  is in all three group IDs: G-000002, G-000003, G-000001, G-000009
INFO    13 Feb 2025 09:21:19 Beanshell UI/Userview Permission - User is not in FOUR groups.
INFO    13 Feb 2025 09:21:19 Beanshell UI/Userview Permission - Script result: false
INFO    13 Feb 2025 09:21:19 Beanshell UI/Userview Permission - Checking if user ID:  is in all three group IDs: G-000002, G-000003, G-000001
INFO    13 Feb 2025 09:21:19 Beanshell UI/Userview Permission - User is not in THREE groups.
INFO    13 Feb 2025 09:21:19 Beanshell UI/Userview Permission - Script result: false
INFO    13 Feb 2025 09:21:19 Beanshell UI/Userview Permission - User does not meet the required group conditions.
INFO    13 Feb 2025 09:21:19 Beanshell UI/Userview Permission - Script result: false
INFO    13 Feb 2025 09:21:19 Beanshell UI/Userview Permission - User not found in group.
INFO    13 Feb 2025 09:21:19 Beanshell UI/Userview Permission - Script result: false
