INFO    07 May 2024 03:28:00 org.enhydra.shark.SharkUtilitiesAspect - Cache object id range : [1000400 - 1000600]
INFO    07 May 2024 03:28:00 org.enhydra.shark.SharkUtilitiesAspect - Cache counter range for _xpdldata_ : [201 - 401]
INFO    07 May 2024 03:28:00 PackageEventLogger - UTCTime=1715052480929,EventType=packageLoaded,PackageId=eSignGenius,PackageVersion=1,EventPerformedBy=admin
INFO    07 May 2024 03:28:01 org.joget.apps.app.service.AppServiceImpl - Imported xpdl
INFO    07 May 2024 03:28:01 org.joget.apps.app.service.AppServiceImpl - Imported process form mappings : 3
INFO    07 May 2024 03:28:02 org.joget.apps.app.service.AppServiceImpl - Imported process tool mappings : 6
INFO    07 May 2024 03:28:02 org.joget.apps.app.service.AppServiceImpl - Imported process participant mappings : 3
INFO    07 May 2024 03:28:02 org.joget.apps.app.service.AppServiceImpl - Imported app resources files : 25
INFO    07 May 2024 03:28:02 org.joget.apps.app.service.AppServiceImpl - Imported plugins : 0
INFO    07 May 2024 03:28:04 org.joget.apps.app.service.AppDevUtil - Commit to Git repo by admin: Add form application. _Add form FormApprovalDocument. _Add form FormDocumentAssigns. _Add form FormDocumentUploads. _Add form FormsignAgreement. _Add form FormView. _Add form viewAgreementForSignatory. _Add list list_application. _Add list list_FormApprovalDocument. _Add list list_FormDocumentUploads. _Add list list_FormsignAgreement. _Add list list_FormsignAgreement_1. _Add list requestPDFGeneration. _Add userview v. _Add formdata_table app_fd_eSignGenius_pd. _Add INTERNAL_USERVIEW_PAGE up-3C78433DC0FC48EF3DDDC7D0156738A3. _Update xpdl eSignGenius. _Update app config eSignGenius. _Update app definition eSignGenius. _
INFO    07 May 2024 03:49:02 id.co.itasoft.esign.PDFFileDownloadCustom - getProperties
INFO    07 May 2024 03:49:02 id.co.itasoft.esign.PDFFileDownloadCustom - getProperties
INFO    07 May 2024 03:54:37 id.co.itasoft.esign.PDFFileDownloadCustom - getProperties
INFO    07 May 2024 03:54:38 id.co.itasoft.esign.PDFFileDownloadCustom - getProperties
INFO    07 May 2024 03:54:41 id.co.itasoft.esign.PDFFileDownloadCustom - getProperties
INFO    07 May 2024 03:54:42 id.co.itasoft.esign.PDFFileDownloadCustom - getProperties
INFO    07 May 2024 03:54:46 id.co.itasoft.esign.PDFFileDownloadCustom - getProperties
INFO    07 May 2024 03:54:47 id.co.itasoft.esign.PDFFileDownloadCustom - getProperties
INFO    07 May 2024 03:57:02 id.co.itasoft.esign.PDFFileDownloadCustom - getProperties
INFO    07 May 2024 03:57:03 id.co.itasoft.esign.PDFFileDownloadCustom - getProperties
INFO    07 May 2024 03:57:04 id.co.itasoft.esign.PDFFileDownloadCustom - getProperties
INFO    07 May 2024 03:57:05 id.co.itasoft.esign.PDFFileDownloadCustom - getProperties
INFO    07 May 2024 03:57:32 id.co.itasoft.esign.PDFFileDownloadCustom - getProperties
INFO    07 May 2024 03:57:33 id.co.itasoft.esign.PDFFileDownloadCustom - getProperties
INFO    07 May 2024 04:05:32 org.joget.apps.app.service.AppDevUtil - Commit to Git repo by admin: Update list requestPDFGeneration. _
INFO    27 May 2024 03:45:57 org.joget.apps.app.service.AppDevUtil - Commit to Git repo by admin: Update app definition eSignGenius. _Update app config eSignGenius. _
INFO    27 May 2024 03:47:21 id.co.itasoft.esign.PDFFileDownloadCustom - getHrefColumn :
INFO    27 May 2024 03:47:21 id.co.itasoft.esign.PDFFileDownloadCustom - getHrefColumn :
INFO    27 May 2024 03:47:21 id.co.itasoft.esign.PDFFileDownloadCustom - getHrefColumn :
INFO    27 May 2024 03:47:21 id.co.itasoft.esign.PDFFileDownloadCustom - getHrefColumn :
INFO    27 May 2024 03:47:23 id.co.itasoft.esign.PDFFileDownloadCustom - getHrefColumn :
INFO    27 May 2024 03:47:23 id.co.itasoft.esign.PDFFileDownloadCustom - getHrefColumn :
INFO    27 May 2024 03:47:23 id.co.itasoft.esign.PDFFileDownloadCustom - getHrefColumn :
INFO    27 May 2024 03:47:23 id.co.itasoft.esign.PDFFileDownloadCustom - getHrefColumn :
INFO    27 May 2024 03:47:57 id.co.itasoft.esign.PDFFileDownloadCustom - getHrefColumn :
INFO    27 May 2024 03:47:57 id.co.itasoft.esign.PDFFileDownloadCustom - getHrefColumn :
INFO    27 May 2024 03:47:57 id.co.itasoft.esign.PDFFileDownloadCustom - getHrefColumn :
INFO    27 May 2024 03:47:57 id.co.itasoft.esign.PDFFileDownloadCustom - getHrefColumn :
INFO    27 May 2024 03:49:13 id.co.itasoft.esign.PDFFileDownloadCustom - getHrefColumn :
INFO    27 May 2024 03:49:13 id.co.itasoft.esign.PDFFileDownloadCustom - getHrefColumn :
INFO    27 May 2024 03:49:13 id.co.itasoft.esign.PDFFileDownloadCustom - getHrefColumn :
INFO    27 May 2024 03:49:13 id.co.itasoft.esign.PDFFileDownloadCustom - getHrefColumn :
INFO    27 May 2024 03:49:13 id.co.itasoft.esign.PDFFileDownloadCustom - getHrefColumn :
INFO    27 May 2024 03:49:32 id.co.itasoft.esign.PDFFileDownloadCustom - getProperties
INFO    27 May 2024 03:49:32 id.co.itasoft.esign.PDFFileDownloadCustom - getProperties
INFO    27 May 2024 03:49:53 id.co.itasoft.esign.PDFFileDownloadCustom - getHrefColumn :
INFO    27 May 2024 03:49:53 id.co.itasoft.esign.PDFFileDownloadCustom - getHrefColumn :
INFO    27 May 2024 03:49:53 id.co.itasoft.esign.PDFFileDownloadCustom - getHrefColumn :
INFO    27 May 2024 03:49:53 id.co.itasoft.esign.PDFFileDownloadCustom - getHrefColumn :
INFO    27 May 2024 03:49:53 id.co.itasoft.esign.PDFFileDownloadCustom - PROCESSPDF
INFO    27 May 2024 03:49:53 id.co.itasoft.esign.PDFFileDownloadCustom - getPdf
INFO    27 May 2024 03:49:53 id.co.itasoft.esign.PDFFileDownloadCustom - decodeFileName :4107941-20190920.pdf
INFO    27 May 2024 03:49:53 id.co.itasoft.esign.PDFFileDownloadCustom - tableName :document_order
INFO    27 May 2024 03:49:53 id.co.itasoft.esign.PDFFileDownloadCustom - primaryKey :R-000024
INFO    27 May 2024 03:49:53 id.co.itasoft.esign.PDFFileDownloadCustom - ADD SIGNATURE
INFO    27 May 2024 03:49:53 id.co.itasoft.esign.PDFFileDownloadCustom - getAnnotationData ........
ERROR   27 May 2024 03:49:53 id.co.itasoft.esign.PDFFileDownloadSignature - com.microsoft.sqlserver.jdbc.SQLServerException: Invalid object name 'app_fd_ds_document_signatures'.
com.microsoft.sqlserver.jdbc.SQLServerException: Invalid object name 'app_fd_ds_document_signatures'.
	at com.microsoft.sqlserver.jdbc.SQLServerException.makeFromDatabaseError(SQLServerException.java:265) ~[mssql-jdbc-9.4.0.jre8.jar:?]
	at com.microsoft.sqlserver.jdbc.SQLServerStatement.getNextResult(SQLServerStatement.java:1662) ~[mssql-jdbc-9.4.0.jre8.jar:?]
	at com.microsoft.sqlserver.jdbc.SQLServerPreparedStatement.doExecutePreparedStatement(SQLServerPreparedStatement.java:615) ~[mssql-jdbc-9.4.0.jre8.jar:?]
	at com.microsoft.sqlserver.jdbc.SQLServerPreparedStatement$PrepStmtExecCmd.doExecute(SQLServerPreparedStatement.java:537) ~[mssql-jdbc-9.4.0.jre8.jar:?]
	at com.microsoft.sqlserver.jdbc.TDSCommand.execute(IOBuffer.java:7417) ~[mssql-jdbc-9.4.0.jre8.jar:?]
	at com.microsoft.sqlserver.jdbc.SQLServerConnection.executeCommand(SQLServerConnection.java:3488) ~[mssql-jdbc-9.4.0.jre8.jar:?]
	at com.microsoft.sqlserver.jdbc.SQLServerStatement.executeCommand_aroundBody2(SQLServerStatement.java:262) ~[mssql-jdbc-9.4.0.jre8.jar:?]
	at com.microsoft.sqlserver.jdbc.SQLServerStatement.executeCommand_aroundBody3$advice(SQLServerStatement.java:130) ~[mssql-jdbc-9.4.0.jre8.jar:?]
	at com.microsoft.sqlserver.jdbc.SQLServerStatement.executeCommand(SQLServerStatement.java:1) ~[mssql-jdbc-9.4.0.jre8.jar:?]
	at com.microsoft.sqlserver.jdbc.SQLServerStatement.executeStatement_aroundBody0(SQLServerStatement.java:237) ~[mssql-jdbc-9.4.0.jre8.jar:?]
	at com.microsoft.sqlserver.jdbc.SQLServerStatement.executeStatement_aroundBody1$advice(SQLServerStatement.java:130) ~[mssql-jdbc-9.4.0.jre8.jar:?]
	at com.microsoft.sqlserver.jdbc.SQLServerStatement.executeStatement(SQLServerStatement.java:1) ~[mssql-jdbc-9.4.0.jre8.jar:?]
	at com.microsoft.sqlserver.jdbc.SQLServerPreparedStatement.executeQuery_aroundBody0(SQLServerPreparedStatement.java:456) ~[mssql-jdbc-9.4.0.jre8.jar:?]
	at com.microsoft.sqlserver.jdbc.SQLServerPreparedStatement.executeQuery_aroundBody1$advice(SQLServerPreparedStatement.java:130) ~[mssql-jdbc-9.4.0.jre8.jar:?]
	at com.microsoft.sqlserver.jdbc.SQLServerPreparedStatement.executeQuery(SQLServerPreparedStatement.java:1) ~[mssql-jdbc-9.4.0.jre8.jar:?]
	at jdk.internal.reflect.GeneratedMethodAccessor125.invoke(Unknown Source) ~[?:?]
	at jdk.internal.reflect.DelegatingMethodAccessorImpl.invoke(DelegatingMethodAccessorImpl.java:43) ~[?:?]
	at java.lang.reflect.Method.invoke(Method.java:566) ~[?:?]
	at org.apache.tomcat.jdbc.pool.StatementFacade$StatementProxy.invoke(StatementFacade.java:118) ~[tomcat-jdbc-9.0.86.jar:?]
	at com.sun.proxy.$Proxy99.executeQuery_aroundBody26(Unknown Source) ~[?:?]
	at com.sun.proxy.$Proxy99.executeQuery_aroundBody27$advice(Unknown Source) ~[?:?]
	at com.sun.proxy.$Proxy99.executeQuery(Unknown Source) ~[?:?]
	at id.co.itasoft.esign.PDFFileDownloadCustom.getAnnotationData(PDFFileDownloadCustom.java:571) [istw-digital-signature-datalist-action-7-0-SNAPSHOT.jar:?]
	at id.co.itasoft.esign.PDFFileDownloadCustom.addSignatureImage(PDFFileDownloadCustom.java:374) [istw-digital-signature-datalist-action-7-0-SNAPSHOT.jar:?]
	at id.co.itasoft.esign.PDFFileDownloadCustom.processPDF(PDFFileDownloadCustom.java:247) [istw-digital-signature-datalist-action-7-0-SNAPSHOT.jar:?]
	at id.co.itasoft.esign.PDFFileDownloadCustom.singlePdf(PDFFileDownloadCustom.java:969) [istw-digital-signature-datalist-action-7-0-SNAPSHOT.jar:?]
	at id.co.itasoft.esign.PDFFileDownloadCustom.executeAction(PDFFileDownloadCustom.java:119) [istw-digital-signature-datalist-action-7-0-SNAPSHOT.jar:?]
	at org.joget.apps.datalist.model.DataList.getActionResult(DataList.java:764) [classes/:?]
	at org.joget.apps.userview.lib.DataListMenu.getJspPage_aroundBody22(DataListMenu.java:117) [classes/:?]
	at org.joget.apps.userview.lib.DataListMenu.getJspPage_aroundBody23$advice(DataListMenu.java:102) [classes/:?]
	at org.joget.apps.userview.lib.DataListMenu.getJspPage(DataListMenu.java:1) [classes/:?]
	at org.joget.apps.userview.model.UserviewMenu.getReadyJspPage_aroundBody12(UserviewMenu.java:134) [classes/:?]
	at org.joget.apps.userview.model.UserviewMenu.getReadyJspPage_aroundBody13$advice(UserviewMenu.java:102) [classes/:?]
	at org.joget.apps.userview.model.UserviewMenu.getReadyJspPage(UserviewMenu.java:1) [classes/:?]
	at org.joget.apps.userview.service.UserviewUtil.getUserviewMenuHtml(UserviewUtil.java:133) [classes/:?]
	at org.joget.apps.userview.model.UserviewMenu.render_aroundBody30(UserviewMenu.java:229) [classes/:?]
	at org.joget.apps.userview.model.UserviewMenu.render_aroundBody31$advice(UserviewMenu.java:102) [classes/:?]
	at org.joget.apps.userview.model.UserviewMenu.render(UserviewMenu.java:1) [classes/:?]
	at org.joget.apps.userview.model.PageComponent.render_aroundBody16(PageComponent.java:141) [classes/:?]
	at org.joget.apps.userview.model.PageComponent.render_aroundBody17$advice(PageComponent.java:102) [classes/:?]
	at org.joget.apps.userview.model.PageComponent.render(PageComponent.java:1) [classes/:?]
	at org.joget.apps.userview.model.UserviewPage.render_aroundBody0(UserviewPage.java:59) [classes/:?]
	at org.joget.apps.userview.model.UserviewPage.render_aroundBody1$advice(UserviewPage.java:102) [classes/:?]
	at org.joget.apps.userview.model.UserviewPage.render(UserviewPage.java:1) [classes/:?]
	at org.joget.apps.userview.service.UserviewThemeProcesser.getContent(UserviewThemeProcesser.java:713) [classes/:?]
	at org.joget.apps.userview.service.UserviewThemeProcesser.getHtml(UserviewThemeProcesser.java:214) [classes/:?]
	at jdk.internal.reflect.GeneratedMethodAccessor320.invoke(Unknown Source) ~[?:?]
	at jdk.internal.reflect.DelegatingMethodAccessorImpl.invoke(DelegatingMethodAccessorImpl.java:43) ~[?:?]
	at java.lang.reflect.Method.invoke(Method.java:566) ~[?:?]
	at javax.el.BeanELResolver.getValue(BeanELResolver.java:95) [el-api.jar:3.0.FR]
	at org.apache.jasper.el.JasperELResolver.getValue(JasperELResolver.java:125) [jasper.jar:9.0.86]
	at org.apache.el.parser.AstValue.getValue(AstValue.java:168) [jasper-el.jar:9.0.86]
	at org.apache.el.ValueExpressionImpl.getValue(ValueExpressionImpl.java:189) [jasper-el.jar:9.0.86]
	at org.apache.jasper.el.JspValueExpression.getValue(JspValueExpression.java:129) [jasper.jar:9.0.86]
	at org.apache.jsp.WEB_002dINF.jsp.ubuilder.v5view_jsp._jspx_meth_c_005fset_005f0(v5view_jsp.java:257) [jw/:?]
	at org.apache.jsp.WEB_002dINF.jsp.ubuilder.v5view_jsp._jspx_meth_c_005fif_005f0(v5view_jsp.java:214) [jw/:?]
	at org.apache.jsp.WEB_002dINF.jsp.ubuilder.v5view_jsp._jspService(v5view_jsp.java:165) [jw/:?]
	at org.apache.jasper.runtime.HttpJspBase.service(HttpJspBase.java:70) [jasper.jar:9.0.86]
	at javax.servlet.http.HttpServlet.service(HttpServlet.java:623) [servlet-api.jar:4.0.FR]
	at org.apache.jasper.servlet.JspServletWrapper.service(JspServletWrapper.java:466) [jasper.jar:9.0.86]
	at org.apache.jasper.servlet.JspServlet.serviceJspFile(JspServlet.java:379) [jasper.jar:9.0.86]
	at org.apache.jasper.servlet.JspServlet.service(JspServlet.java:327) [jasper.jar:9.0.86]
	at javax.servlet.http.HttpServlet.service(HttpServlet.java:623) [servlet-api.jar:4.0.FR]
	at org.apache.catalina.core.ApplicationFilterChain.internalDoFilter(ApplicationFilterChain.java:209) [catalina.jar:9.0.86]
	at org.apache.catalina.core.ApplicationFilterChain.doFilter(ApplicationFilterChain.java:153) [catalina.jar:9.0.86]
	at org.apache.tomcat.websocket.server.WsFilter.doFilter(WsFilter.java:51) [tomcat-websocket.jar:9.0.86]
	at org.apache.catalina.core.ApplicationFilterChain.internalDoFilter(ApplicationFilterChain.java:178) [catalina.jar:9.0.86]
	at org.apache.catalina.core.ApplicationFilterChain.doFilter(ApplicationFilterChain.java:153) [catalina.jar:9.0.86]
	at org.apache.catalina.core.ApplicationDispatcher.invoke(ApplicationDispatcher.java:661) [catalina.jar:9.0.86]
	at org.apache.catalina.core.ApplicationDispatcher.processRequest(ApplicationDispatcher.java:425) [catalina.jar:9.0.86]
	at org.apache.catalina.core.ApplicationDispatcher.doForward(ApplicationDispatcher.java:357) [catalina.jar:9.0.86]
	at org.apache.catalina.core.ApplicationDispatcher.forward(ApplicationDispatcher.java:294) [catalina.jar:9.0.86]
	at org.springframework.security.web.header.HeaderWriterFilter$HeaderWriterRequestDispatcher.forward(HeaderWriterFilter.java:170) [spring-security-web-5.8.9.jar:5.8.9]
	at org.springframework.web.servlet.view.InternalResourceView.renderMergedOutputModel(InternalResourceView.java:171) [spring-webmvc-5.3.31.jar:5.3.31]
	at org.springframework.web.servlet.view.AbstractView.render(AbstractView.java:316) [spring-webmvc-5.3.31.jar:5.3.31]
	at org.springframework.web.servlet.DispatcherServlet.render(DispatcherServlet.java:1406) [spring-webmvc-5.3.31.jar:5.3.31]
	at org.springframework.web.servlet.DispatcherServlet.processDispatchResult(DispatcherServlet.java:1150) [spring-webmvc-5.3.31.jar:5.3.31]
	at org.springframework.web.servlet.DispatcherServlet.doDispatch(DispatcherServlet.java:1089) [spring-webmvc-5.3.31.jar:5.3.31]
	at org.springframework.web.servlet.DispatcherServlet.doService(DispatcherServlet.java:965) [spring-webmvc-5.3.31.jar:5.3.31]
	at org.springframework.web.servlet.FrameworkServlet.processRequest(FrameworkServlet.java:1006) [spring-webmvc-5.3.31.jar:5.3.31]
	at org.springframework.web.servlet.FrameworkServlet.doGet(FrameworkServlet.java:898) [spring-webmvc-5.3.31.jar:5.3.31]
	at javax.servlet.http.HttpServlet.service(HttpServlet.java:529) [servlet-api.jar:4.0.FR]
	at org.springframework.web.servlet.FrameworkServlet.service(FrameworkServlet.java:883) [spring-webmvc-5.3.31.jar:5.3.31]
	at javax.servlet.http.HttpServlet.service(HttpServlet.java:623) [servlet-api.jar:4.0.FR]
	at org.apache.catalina.core.ApplicationFilterChain.internalDoFilter(ApplicationFilterChain.java:209) [catalina.jar:9.0.86]
	at org.apache.catalina.core.ApplicationFilterChain.doFilter(ApplicationFilterChain.java:153) [catalina.jar:9.0.86]
	at org.apache.tomcat.websocket.server.WsFilter.doFilter(WsFilter.java:51) [tomcat-websocket.jar:9.0.86]
	at org.apache.catalina.core.ApplicationFilterChain.internalDoFilter(ApplicationFilterChain.java:178) [catalina.jar:9.0.86]
	at org.apache.catalina.core.ApplicationFilterChain.doFilter(ApplicationFilterChain.java:153) [catalina.jar:9.0.86]
	at org.joget.apps.app.web.GitRequestFilter.doFilter(GitRequestFilter.java:42) [classes/:?]
	at org.apache.catalina.core.ApplicationFilterChain.internalDoFilter(ApplicationFilterChain.java:178) [catalina.jar:9.0.86]
	at org.apache.catalina.core.ApplicationFilterChain.doFilter(ApplicationFilterChain.java:153) [catalina.jar:9.0.86]
	at org.joget.commons.util.AnalyzerFilter.doFilter_aroundBody0(AnalyzerFilter.java:17) [classes/:?]
	at org.joget.commons.util.AnalyzerFilter$AjcClosure1.run(AnalyzerFilter.java:1) [classes/:?]
	at org.aspectj.runtime.reflect.JoinPointImpl.proceed(JoinPointImpl.java:167) [aspectjrt-1.9.7.jar:?]
	at org.joget.commons.util.AnalyzerAspect.analyzeRequests(AnalyzerAspect.java:57) [classes/:?]
	at org.joget.commons.util.AnalyzerFilter.doFilter(AnalyzerFilter.java:17) [classes/:?]
	at org.apache.catalina.core.ApplicationFilterChain.internalDoFilter(ApplicationFilterChain.java:178) [catalina.jar:9.0.86]
	at org.apache.catalina.core.ApplicationFilterChain.doFilter(ApplicationFilterChain.java:153) [catalina.jar:9.0.86]
	at org.displaytag.filter.ResponseOverrideFilter.doFilter(ResponseOverrideFilter.java:125) [displaytag-patched-1.2.jar:?]
	at org.apache.catalina.core.ApplicationFilterChain.internalDoFilter(ApplicationFilterChain.java:178) [catalina.jar:9.0.86]
	at org.apache.catalina.core.ApplicationFilterChain.doFilter(ApplicationFilterChain.java:153) [catalina.jar:9.0.86]
	at org.owasp.csrfguard.CsrfGuardFilter.handleSession(CsrfGuardFilter.java:107) [csrfguard-4.2.0.jar:4.2.0]
	at org.owasp.csrfguard.CsrfGuardFilter.doFilter(CsrfGuardFilter.java:97) [csrfguard-4.2.0.jar:4.2.0]
	at org.owasp.csrfguard.CsrfGuardFilter.doFilter(CsrfGuardFilter.java:68) [csrfguard-4.2.0.jar:4.2.0]
	at org.apache.catalina.core.ApplicationFilterChain.internalDoFilter(ApplicationFilterChain.java:178) [catalina.jar:9.0.86]
	at org.apache.catalina.core.ApplicationFilterChain.doFilter(ApplicationFilterChain.java:153) [catalina.jar:9.0.86]
	at org.springframework.web.multipart.support.MultipartFilter.doFilterInternal(MultipartFilter.java:125) [spring-web-5.3.31.jar:5.3.31]
	at org.springframework.web.filter.OncePerRequestFilter.doFilter(OncePerRequestFilter.java:117) [spring-web-5.3.31.jar:5.3.31]
	at org.apache.catalina.core.ApplicationFilterChain.internalDoFilter(ApplicationFilterChain.java:178) [catalina.jar:9.0.86]
	at org.apache.catalina.core.ApplicationFilterChain.doFilter(ApplicationFilterChain.java:153) [catalina.jar:9.0.86]
	at org.springframework.security.web.FilterChainProxy$VirtualFilterChain.doFilter(FilterChainProxy.java:352) [spring-security-web-5.8.9.jar:5.8.9]
	at org.springframework.security.web.access.intercept.FilterSecurityInterceptor.invoke(FilterSecurityInterceptor.java:117) [spring-security-web-5.8.9.jar:5.8.9]
	at org.springframework.security.web.access.intercept.FilterSecurityInterceptor.doFilter(FilterSecurityInterceptor.java:83) [spring-security-web-5.8.9.jar:5.8.9]
	at org.springframework.security.web.FilterChainProxy$VirtualFilterChain.doFilter(FilterChainProxy.java:361) [spring-security-web-5.8.9.jar:5.8.9]
	at org.springframework.security.web.access.ExceptionTranslationFilter.doFilter(ExceptionTranslationFilter.java:126) [spring-security-web-5.8.9.jar:5.8.9]
	at org.springframework.security.web.access.ExceptionTranslationFilter.doFilter(ExceptionTranslationFilter.java:120) [spring-security-web-5.8.9.jar:5.8.9]
	at org.springframework.security.web.FilterChainProxy$VirtualFilterChain.doFilter(FilterChainProxy.java:361) [spring-security-web-5.8.9.jar:5.8.9]
	at org.springframework.security.web.session.SessionManagementFilter.doFilter(SessionManagementFilter.java:131) [spring-security-web-5.8.9.jar:5.8.9]
	at org.springframework.security.web.session.SessionManagementFilter.doFilter(SessionManagementFilter.java:85) [spring-security-web-5.8.9.jar:5.8.9]
	at org.springframework.security.web.FilterChainProxy$VirtualFilterChain.doFilter(FilterChainProxy.java:361) [spring-security-web-5.8.9.jar:5.8.9]
	at org.springframework.security.web.authentication.AnonymousAuthenticationFilter.doFilter(AnonymousAuthenticationFilter.java:100) [spring-security-web-5.8.9.jar:5.8.9]
	at org.springframework.security.web.FilterChainProxy$VirtualFilterChain.doFilter(FilterChainProxy.java:361) [spring-security-web-5.8.9.jar:5.8.9]
	at org.springframework.security.web.savedrequest.RequestCacheAwareFilter.doFilter(RequestCacheAwareFilter.java:63) [spring-security-web-5.8.9.jar:5.8.9]
	at org.springframework.security.web.FilterChainProxy$VirtualFilterChain.doFilter(FilterChainProxy.java:361) [spring-security-web-5.8.9.jar:5.8.9]
	at org.springframework.security.web.authentication.AbstractAuthenticationProcessingFilter.doFilter(AbstractAuthenticationProcessingFilter.java:227) [spring-security-web-5.8.9.jar:5.8.9]
	at org.springframework.security.web.authentication.AbstractAuthenticationProcessingFilter.doFilter(AbstractAuthenticationProcessingFilter.java:221) [spring-security-web-5.8.9.jar:5.8.9]
	at org.joget.apps.workflow.security.WorkflowHttpAuthProcessingFilter.doFilter(WorkflowHttpAuthProcessingFilter.java:88) [classes/:?]
	at org.springframework.security.web.FilterChainProxy$VirtualFilterChain.doFilter(FilterChainProxy.java:361) [spring-security-web-5.8.9.jar:5.8.9]
	at org.springframework.security.web.authentication.www.BasicAuthenticationFilter.doFilterInternal(BasicAuthenticationFilter.java:168) [spring-security-web-5.8.9.jar:5.8.9]
	at org.springframework.web.filter.OncePerRequestFilter.doFilter(OncePerRequestFilter.java:117) [spring-web-5.3.31.jar:5.3.31]
	at org.springframework.security.web.FilterChainProxy$VirtualFilterChain.doFilter(FilterChainProxy.java:361) [spring-security-web-5.8.9.jar:5.8.9]
	at org.springframework.security.web.authentication.AbstractAuthenticationProcessingFilter.doFilter(AbstractAuthenticationProcessingFilter.java:227) [spring-security-web-5.8.9.jar:5.8.9]
	at org.springframework.security.web.authentication.AbstractAuthenticationProcessingFilter.doFilter(AbstractAuthenticationProcessingFilter.java:221) [spring-security-web-5.8.9.jar:5.8.9]
	at org.springframework.security.web.FilterChainProxy$VirtualFilterChain.doFilter(FilterChainProxy.java:361) [spring-security-web-5.8.9.jar:5.8.9]
	at org.springframework.security.web.authentication.logout.LogoutFilter.doFilter(LogoutFilter.java:107) [spring-security-web-5.8.9.jar:5.8.9]
	at org.springframework.security.web.authentication.logout.LogoutFilter.doFilter(LogoutFilter.java:93) [spring-security-web-5.8.9.jar:5.8.9]
	at org.springframework.security.web.FilterChainProxy$VirtualFilterChain.doFilter(FilterChainProxy.java:361) [spring-security-web-5.8.9.jar:5.8.9]
	at org.springframework.security.web.header.HeaderWriterFilter.doHeadersAfter(HeaderWriterFilter.java:90) [spring-security-web-5.8.9.jar:5.8.9]
	at org.springframework.security.web.header.HeaderWriterFilter.doFilterInternal(HeaderWriterFilter.java:75) [spring-security-web-5.8.9.jar:5.8.9]
	at org.springframework.web.filter.OncePerRequestFilter.doFilter(OncePerRequestFilter.java:117) [spring-web-5.3.31.jar:5.3.31]
	at org.springframework.security.web.FilterChainProxy$VirtualFilterChain.doFilter(FilterChainProxy.java:361) [spring-security-web-5.8.9.jar:5.8.9]
	at org.springframework.security.web.context.request.async.WebAsyncManagerIntegrationFilter.doFilterInternal(WebAsyncManagerIntegrationFilter.java:62) [spring-security-web-5.8.9.jar:5.8.9]
	at org.springframework.web.filter.OncePerRequestFilter.doFilter(OncePerRequestFilter.java:117) [spring-web-5.3.31.jar:5.3.31]
	at org.springframework.security.web.FilterChainProxy$VirtualFilterChain.doFilter(FilterChainProxy.java:361) [spring-security-web-5.8.9.jar:5.8.9]
	at org.springframework.security.web.context.SecurityContextPersistenceFilter.doFilter(SecurityContextPersistenceFilter.java:117) [spring-security-web-5.8.9.jar:5.8.9]
	at org.springframework.security.web.context.SecurityContextPersistenceFilter.doFilter(SecurityContextPersistenceFilter.java:87) [spring-security-web-5.8.9.jar:5.8.9]
	at org.springframework.security.web.FilterChainProxy$VirtualFilterChain.doFilter(FilterChainProxy.java:361) [spring-security-web-5.8.9.jar:5.8.9]
	at org.springframework.security.web.session.DisableEncodeUrlFilter.doFilterInternal(DisableEncodeUrlFilter.java:42) [spring-security-web-5.8.9.jar:5.8.9]
	at org.springframework.web.filter.OncePerRequestFilter.doFilter(OncePerRequestFilter.java:117) [spring-web-5.3.31.jar:5.3.31]
	at org.springframework.security.web.FilterChainProxy$VirtualFilterChain.doFilter(FilterChainProxy.java:361) [spring-security-web-5.8.9.jar:5.8.9]
	at org.springframework.security.web.FilterChainProxy.doFilterInternal(FilterChainProxy.java:225) [spring-security-web-5.8.9.jar:5.8.9]
	at org.springframework.security.web.FilterChainProxy.doFilter(FilterChainProxy.java:190) [spring-security-web-5.8.9.jar:5.8.9]
	at org.springframework.web.filter.DelegatingFilterProxy.invokeDelegate(DelegatingFilterProxy.java:354) [spring-web-5.3.31.jar:5.3.31]
	at org.springframework.web.filter.DelegatingFilterProxy.doFilter(DelegatingFilterProxy.java:267) [spring-web-5.3.31.jar:5.3.31]
	at org.joget.commons.spring.web.CustomDelegatingFilterProxy.doFilter(CustomDelegatingFilterProxy.java:31) [classes/:?]
	at org.apache.catalina.core.ApplicationFilterChain.internalDoFilter(ApplicationFilterChain.java:178) [catalina.jar:9.0.86]
	at org.apache.catalina.core.ApplicationFilterChain.doFilter(ApplicationFilterChain.java:153) [catalina.jar:9.0.86]
	at org.joget.apps.app.web.ExpireFilter.doFilter(ExpireFilter.java:48) [classes/:?]
	at org.apache.catalina.core.ApplicationFilterChain.internalDoFilter(ApplicationFilterChain.java:178) [catalina.jar:9.0.86]
	at org.apache.catalina.core.ApplicationFilterChain.doFilter(ApplicationFilterChain.java:153) [catalina.jar:9.0.86]
	at org.springframework.web.filter.CharacterEncodingFilter.doFilterInternal(CharacterEncodingFilter.java:201) [spring-web-5.3.31.jar:5.3.31]
	at org.joget.apps.app.web.CustomCharacterEncodingFilter.doFilterInternal(CustomCharacterEncodingFilter.java:50) [classes/:?]
	at org.springframework.web.filter.OncePerRequestFilter.doFilter(OncePerRequestFilter.java:117) [spring-web-5.3.31.jar:5.3.31]
	at org.apache.catalina.core.ApplicationFilterChain.internalDoFilter(ApplicationFilterChain.java:178) [catalina.jar:9.0.86]
	at org.apache.catalina.core.ApplicationFilterChain.doFilter(ApplicationFilterChain.java:153) [catalina.jar:9.0.86]
	at org.apache.catalina.core.StandardWrapperValve.invoke(StandardWrapperValve.java:168) [catalina.jar:9.0.86]
	at org.apache.catalina.core.StandardContextValve.invoke(StandardContextValve.java:90) [catalina.jar:9.0.86]
	at org.apache.catalina.authenticator.AuthenticatorBase.invoke(AuthenticatorBase.java:481) [catalina.jar:9.0.86]
	at org.apache.catalina.core.StandardHostValve.invoke(StandardHostValve.java:130) [catalina.jar:9.0.86]
	at org.apache.catalina.valves.ErrorReportValve.invoke(ErrorReportValve.java:93) [catalina.jar:9.0.86]
	at org.apache.catalina.core.StandardEngineValve.invoke(StandardEngineValve.java:74) [catalina.jar:9.0.86]
	at org.apache.catalina.connector.CoyoteAdapter.service(CoyoteAdapter.java:346) [catalina.jar:9.0.86]
	at org.apache.coyote.http11.Http11Processor.service(Http11Processor.java:390) [tomcat-coyote.jar:9.0.86]
	at org.apache.coyote.AbstractProcessorLight.process(AbstractProcessorLight.java:63) [tomcat-coyote.jar:9.0.86]
	at org.apache.coyote.AbstractProtocol$ConnectionHandler.process(AbstractProtocol.java:928) [tomcat-coyote.jar:9.0.86]
	at org.apache.tomcat.util.net.NioEndpoint$SocketProcessor.doRun(NioEndpoint.java:1794) [tomcat-coyote.jar:9.0.86]
	at org.apache.tomcat.util.net.SocketProcessorBase.run(SocketProcessorBase.java:52) [tomcat-coyote.jar:9.0.86]
	at org.apache.tomcat.util.threads.ThreadPoolExecutor.runWorker(ThreadPoolExecutor.java:1191) [tomcat-util.jar:9.0.86]
	at org.apache.tomcat.util.threads.ThreadPoolExecutor$Worker.run(ThreadPoolExecutor.java:659) [tomcat-util.jar:9.0.86]
	at org.apache.tomcat.util.threads.TaskThread$WrappingRunnable.run(TaskThread.java:63) [tomcat-util.jar:9.0.86]
	at java.lang.Thread.run(Thread.java:829) [?:?]
INFO    27 May 2024 03:49:53 id.co.itasoft.esign.PDFFileDownloadCustom - addWatermark :R-000024
INFO    27 May 2024 03:49:53 id.co.itasoft.esign.PDFFileDownloadCustom - INTERNALWRITEWATERMARK
INFO    27 May 2024 03:49:53 id.co.itasoft.esign.PDFFileDownloadCustom - PROCESSPDF
INFO    27 May 2024 03:49:53 id.co.itasoft.esign.PDFFileDownloadCustom - getPdf
INFO    27 May 2024 03:49:53 id.co.itasoft.esign.PDFFileDownloadCustom - decodeFileName :4107941-20190920.pdf
INFO    27 May 2024 03:49:53 id.co.itasoft.esign.PDFFileDownloadCustom - tableName :document_order
INFO    27 May 2024 03:49:53 id.co.itasoft.esign.PDFFileDownloadCustom - primaryKey :R-000024
INFO    27 May 2024 03:49:53 id.co.itasoft.esign.PDFFileDownloadCustom - ADD SIGNATURE
INFO    27 May 2024 03:49:53 id.co.itasoft.esign.PDFFileDownloadCustom - getAnnotationData ........
ERROR   27 May 2024 03:49:53 id.co.itasoft.esign.PDFFileDownloadSignature - com.microsoft.sqlserver.jdbc.SQLServerException: Invalid object name 'app_fd_ds_document_signatures'.
com.microsoft.sqlserver.jdbc.SQLServerException: Invalid object name 'app_fd_ds_document_signatures'.
	at com.microsoft.sqlserver.jdbc.SQLServerException.makeFromDatabaseError(SQLServerException.java:265) ~[mssql-jdbc-9.4.0.jre8.jar:?]
	at com.microsoft.sqlserver.jdbc.SQLServerStatement.getNextResult(SQLServerStatement.java:1662) ~[mssql-jdbc-9.4.0.jre8.jar:?]
	at com.microsoft.sqlserver.jdbc.SQLServerPreparedStatement.doExecutePreparedStatement(SQLServerPreparedStatement.java:615) ~[mssql-jdbc-9.4.0.jre8.jar:?]
	at com.microsoft.sqlserver.jdbc.SQLServerPreparedStatement$PrepStmtExecCmd.doExecute(SQLServerPreparedStatement.java:537) ~[mssql-jdbc-9.4.0.jre8.jar:?]
	at com.microsoft.sqlserver.jdbc.TDSCommand.execute(IOBuffer.java:7417) ~[mssql-jdbc-9.4.0.jre8.jar:?]
	at com.microsoft.sqlserver.jdbc.SQLServerConnection.executeCommand(SQLServerConnection.java:3488) ~[mssql-jdbc-9.4.0.jre8.jar:?]
	at com.microsoft.sqlserver.jdbc.SQLServerStatement.executeCommand_aroundBody2(SQLServerStatement.java:262) ~[mssql-jdbc-9.4.0.jre8.jar:?]
	at com.microsoft.sqlserver.jdbc.SQLServerStatement.executeCommand_aroundBody3$advice(SQLServerStatement.java:130) ~[mssql-jdbc-9.4.0.jre8.jar:?]
	at com.microsoft.sqlserver.jdbc.SQLServerStatement.executeCommand(SQLServerStatement.java:1) ~[mssql-jdbc-9.4.0.jre8.jar:?]
	at com.microsoft.sqlserver.jdbc.SQLServerStatement.executeStatement_aroundBody0(SQLServerStatement.java:237) ~[mssql-jdbc-9.4.0.jre8.jar:?]
	at com.microsoft.sqlserver.jdbc.SQLServerStatement.executeStatement_aroundBody1$advice(SQLServerStatement.java:130) ~[mssql-jdbc-9.4.0.jre8.jar:?]
	at com.microsoft.sqlserver.jdbc.SQLServerStatement.executeStatement(SQLServerStatement.java:1) ~[mssql-jdbc-9.4.0.jre8.jar:?]
	at com.microsoft.sqlserver.jdbc.SQLServerPreparedStatement.executeQuery_aroundBody0(SQLServerPreparedStatement.java:456) ~[mssql-jdbc-9.4.0.jre8.jar:?]
	at com.microsoft.sqlserver.jdbc.SQLServerPreparedStatement.executeQuery_aroundBody1$advice(SQLServerPreparedStatement.java:130) ~[mssql-jdbc-9.4.0.jre8.jar:?]
	at com.microsoft.sqlserver.jdbc.SQLServerPreparedStatement.executeQuery(SQLServerPreparedStatement.java:1) ~[mssql-jdbc-9.4.0.jre8.jar:?]
	at jdk.internal.reflect.GeneratedMethodAccessor125.invoke(Unknown Source) ~[?:?]
	at jdk.internal.reflect.DelegatingMethodAccessorImpl.invoke(DelegatingMethodAccessorImpl.java:43) ~[?:?]
	at java.lang.reflect.Method.invoke(Method.java:566) ~[?:?]
	at org.apache.tomcat.jdbc.pool.StatementFacade$StatementProxy.invoke(StatementFacade.java:118) ~[tomcat-jdbc-9.0.86.jar:?]
	at com.sun.proxy.$Proxy99.executeQuery_aroundBody26(Unknown Source) ~[?:?]
	at com.sun.proxy.$Proxy99.executeQuery_aroundBody27$advice(Unknown Source) ~[?:?]
	at com.sun.proxy.$Proxy99.executeQuery(Unknown Source) ~[?:?]
	at id.co.itasoft.esign.PDFFileDownloadCustom.getAnnotationData(PDFFileDownloadCustom.java:571) [istw-digital-signature-datalist-action-7-0-SNAPSHOT.jar:?]
	at id.co.itasoft.esign.PDFFileDownloadCustom.addSignatureImage(PDFFileDownloadCustom.java:374) [istw-digital-signature-datalist-action-7-0-SNAPSHOT.jar:?]
	at id.co.itasoft.esign.PDFFileDownloadCustom.processPDF(PDFFileDownloadCustom.java:247) [istw-digital-signature-datalist-action-7-0-SNAPSHOT.jar:?]
	at id.co.itasoft.esign.PDFFileDownloadCustom.singlePdf(PDFFileDownloadCustom.java:969) [istw-digital-signature-datalist-action-7-0-SNAPSHOT.jar:?]
	at id.co.itasoft.esign.PDFFileDownloadCustom.executeAction(PDFFileDownloadCustom.java:119) [istw-digital-signature-datalist-action-7-0-SNAPSHOT.jar:?]
	at org.joget.apps.datalist.model.DataList.getActionResult(DataList.java:764) [classes/:?]
	at jdk.internal.reflect.GeneratedMethodAccessor389.invoke(Unknown Source) ~[?:?]
	at jdk.internal.reflect.DelegatingMethodAccessorImpl.invoke(DelegatingMethodAccessorImpl.java:43) ~[?:?]
	at java.lang.reflect.Method.invoke(Method.java:566) ~[?:?]
	at javax.el.BeanELResolver.getValue(BeanELResolver.java:95) [el-api.jar:3.0.FR]
	at org.apache.jasper.el.JasperELResolver.getValue(JasperELResolver.java:125) [jasper.jar:9.0.86]
	at org.apache.el.parser.AstValue.getValue(AstValue.java:168) [jasper-el.jar:9.0.86]
	at org.apache.el.ValueExpressionImpl.getValue(ValueExpressionImpl.java:189) [jasper-el.jar:9.0.86]
	at org.apache.jasper.el.JspValueExpression.getValue(JspValueExpression.java:129) [jasper.jar:9.0.86]
	at org.apache.jsp.WEB_002dINF.jsp.dbuilder.dataListView_jsp._jspx_meth_c_005fset_005f2(dataListView_jsp.java:1128) [jw/:?]
	at org.apache.jsp.WEB_002dINF.jsp.dbuilder.dataListView_jsp._jspService(dataListView_jsp.java:316) [jw/:?]
	at org.apache.jasper.runtime.HttpJspBase.service(HttpJspBase.java:70) [jasper.jar:9.0.86]
	at javax.servlet.http.HttpServlet.service(HttpServlet.java:623) [servlet-api.jar:4.0.FR]
	at org.apache.jasper.servlet.JspServletWrapper.service(JspServletWrapper.java:466) [jasper.jar:9.0.86]
	at org.apache.jasper.servlet.JspServlet.serviceJspFile(JspServlet.java:379) [jasper.jar:9.0.86]
	at org.apache.jasper.servlet.JspServlet.service(JspServlet.java:327) [jasper.jar:9.0.86]
	at javax.servlet.http.HttpServlet.service(HttpServlet.java:623) [servlet-api.jar:4.0.FR]
	at org.apache.catalina.core.ApplicationFilterChain.internalDoFilter(ApplicationFilterChain.java:209) [catalina.jar:9.0.86]
	at org.apache.catalina.core.ApplicationFilterChain.doFilter(ApplicationFilterChain.java:153) [catalina.jar:9.0.86]
	at org.apache.catalina.core.ApplicationDispatcher.invoke(ApplicationDispatcher.java:661) [catalina.jar:9.0.86]
	at org.apache.catalina.core.ApplicationDispatcher.doInclude(ApplicationDispatcher.java:537) [catalina.jar:9.0.86]
	at org.apache.catalina.core.ApplicationDispatcher.include(ApplicationDispatcher.java:480) [catalina.jar:9.0.86]
	at org.springframework.security.web.header.HeaderWriterFilter$HeaderWriterRequestDispatcher.include(HeaderWriterFilter.java:176) [spring-security-web-5.8.9.jar:5.8.9]
	at org.apache.jasper.runtime.JspRuntimeLibrary.include(JspRuntimeLibrary.java:994) [jasper.jar:9.0.86]
	at org.apache.jsp.WEB_002dINF.jsp.userview.plugin.datalist_jsp._jspx_meth_c_005fif_005f3(datalist_jsp.java:362) [jw/:?]
	at org.apache.jsp.WEB_002dINF.jsp.userview.plugin.datalist_jsp._jspService(datalist_jsp.java:175) [jw/:?]
	at org.apache.jasper.runtime.HttpJspBase.service(HttpJspBase.java:70) [jasper.jar:9.0.86]
	at javax.servlet.http.HttpServlet.service(HttpServlet.java:623) [servlet-api.jar:4.0.FR]
	at org.apache.jasper.servlet.JspServletWrapper.service(JspServletWrapper.java:466) [jasper.jar:9.0.86]
	at org.apache.jasper.servlet.JspServlet.serviceJspFile(JspServlet.java:379) [jasper.jar:9.0.86]
	at org.apache.jasper.servlet.JspServlet.service(JspServlet.java:327) [jasper.jar:9.0.86]
	at javax.servlet.http.HttpServlet.service(HttpServlet.java:623) [servlet-api.jar:4.0.FR]
	at org.apache.catalina.core.ApplicationFilterChain.internalDoFilter(ApplicationFilterChain.java:209) [catalina.jar:9.0.86]
	at org.apache.catalina.core.ApplicationFilterChain.doFilter(ApplicationFilterChain.java:153) [catalina.jar:9.0.86]
	at org.apache.catalina.core.ApplicationDispatcher.invoke(ApplicationDispatcher.java:661) [catalina.jar:9.0.86]
	at org.apache.catalina.core.ApplicationDispatcher.doInclude(ApplicationDispatcher.java:537) [catalina.jar:9.0.86]
	at org.apache.catalina.core.ApplicationDispatcher.include(ApplicationDispatcher.java:480) [catalina.jar:9.0.86]
	at org.joget.apps.userview.service.UserviewUtil.renderJspAsString(UserviewUtil.java:197) [classes/:?]
	at org.joget.apps.userview.service.UserviewUtil.getUserviewMenuHtml(UserviewUtil.java:138) [classes/:?]
	at org.joget.apps.userview.model.UserviewMenu.render_aroundBody30(UserviewMenu.java:229) [classes/:?]
	at org.joget.apps.userview.model.UserviewMenu.render_aroundBody31$advice(UserviewMenu.java:102) [classes/:?]
	at org.joget.apps.userview.model.UserviewMenu.render(UserviewMenu.java:1) [classes/:?]
	at org.joget.apps.userview.model.PageComponent.render_aroundBody16(PageComponent.java:141) [classes/:?]
	at org.joget.apps.userview.model.PageComponent.render_aroundBody17$advice(PageComponent.java:102) [classes/:?]
	at org.joget.apps.userview.model.PageComponent.render(PageComponent.java:1) [classes/:?]
	at org.joget.apps.userview.model.UserviewPage.render_aroundBody0(UserviewPage.java:59) [classes/:?]
	at org.joget.apps.userview.model.UserviewPage.render_aroundBody1$advice(UserviewPage.java:102) [classes/:?]
	at org.joget.apps.userview.model.UserviewPage.render(UserviewPage.java:1) [classes/:?]
	at org.joget.apps.userview.service.UserviewThemeProcesser.getContent(UserviewThemeProcesser.java:713) [classes/:?]
	at org.joget.apps.userview.service.UserviewThemeProcesser.getHtml(UserviewThemeProcesser.java:214) [classes/:?]
	at jdk.internal.reflect.GeneratedMethodAccessor320.invoke(Unknown Source) ~[?:?]
	at jdk.internal.reflect.DelegatingMethodAccessorImpl.invoke(DelegatingMethodAccessorImpl.java:43) ~[?:?]
	at java.lang.reflect.Method.invoke(Method.java:566) ~[?:?]
	at javax.el.BeanELResolver.getValue(BeanELResolver.java:95) [el-api.jar:3.0.FR]
	at org.apache.jasper.el.JasperELResolver.getValue(JasperELResolver.java:125) [jasper.jar:9.0.86]
	at org.apache.el.parser.AstValue.getValue(AstValue.java:168) [jasper-el.jar:9.0.86]
	at org.apache.el.ValueExpressionImpl.getValue(ValueExpressionImpl.java:189) [jasper-el.jar:9.0.86]
	at org.apache.jasper.el.JspValueExpression.getValue(JspValueExpression.java:129) [jasper.jar:9.0.86]
	at org.apache.jsp.WEB_002dINF.jsp.ubuilder.v5view_jsp._jspx_meth_c_005fset_005f0(v5view_jsp.java:257) [jw/:?]
	at org.apache.jsp.WEB_002dINF.jsp.ubuilder.v5view_jsp._jspx_meth_c_005fif_005f0(v5view_jsp.java:214) [jw/:?]
	at org.apache.jsp.WEB_002dINF.jsp.ubuilder.v5view_jsp._jspService(v5view_jsp.java:165) [jw/:?]
	at org.apache.jasper.runtime.HttpJspBase.service(HttpJspBase.java:70) [jasper.jar:9.0.86]
	at javax.servlet.http.HttpServlet.service(HttpServlet.java:623) [servlet-api.jar:4.0.FR]
	at org.apache.jasper.servlet.JspServletWrapper.service(JspServletWrapper.java:466) [jasper.jar:9.0.86]
	at org.apache.jasper.servlet.JspServlet.serviceJspFile(JspServlet.java:379) [jasper.jar:9.0.86]
	at org.apache.jasper.servlet.JspServlet.service(JspServlet.java:327) [jasper.jar:9.0.86]
	at javax.servlet.http.HttpServlet.service(HttpServlet.java:623) [servlet-api.jar:4.0.FR]
	at org.apache.catalina.core.ApplicationFilterChain.internalDoFilter(ApplicationFilterChain.java:209) [catalina.jar:9.0.86]
	at org.apache.catalina.core.ApplicationFilterChain.doFilter(ApplicationFilterChain.java:153) [catalina.jar:9.0.86]
	at org.apache.tomcat.websocket.server.WsFilter.doFilter(WsFilter.java:51) [tomcat-websocket.jar:9.0.86]
	at org.apache.catalina.core.ApplicationFilterChain.internalDoFilter(ApplicationFilterChain.java:178) [catalina.jar:9.0.86]
	at org.apache.catalina.core.ApplicationFilterChain.doFilter(ApplicationFilterChain.java:153) [catalina.jar:9.0.86]
	at org.apache.catalina.core.ApplicationDispatcher.invoke(ApplicationDispatcher.java:661) [catalina.jar:9.0.86]
	at org.apache.catalina.core.ApplicationDispatcher.processRequest(ApplicationDispatcher.java:425) [catalina.jar:9.0.86]
	at org.apache.catalina.core.ApplicationDispatcher.doForward(ApplicationDispatcher.java:357) [catalina.jar:9.0.86]
	at org.apache.catalina.core.ApplicationDispatcher.forward(ApplicationDispatcher.java:294) [catalina.jar:9.0.86]
	at org.springframework.security.web.header.HeaderWriterFilter$HeaderWriterRequestDispatcher.forward(HeaderWriterFilter.java:170) [spring-security-web-5.8.9.jar:5.8.9]
	at org.springframework.web.servlet.view.InternalResourceView.renderMergedOutputModel(InternalResourceView.java:171) [spring-webmvc-5.3.31.jar:5.3.31]
	at org.springframework.web.servlet.view.AbstractView.render(AbstractView.java:316) [spring-webmvc-5.3.31.jar:5.3.31]
	at org.springframework.web.servlet.DispatcherServlet.render(DispatcherServlet.java:1406) [spring-webmvc-5.3.31.jar:5.3.31]
	at org.springframework.web.servlet.DispatcherServlet.processDispatchResult(DispatcherServlet.java:1150) [spring-webmvc-5.3.31.jar:5.3.31]
	at org.springframework.web.servlet.DispatcherServlet.doDispatch(DispatcherServlet.java:1089) [spring-webmvc-5.3.31.jar:5.3.31]
	at org.springframework.web.servlet.DispatcherServlet.doService(DispatcherServlet.java:965) [spring-webmvc-5.3.31.jar:5.3.31]
	at org.springframework.web.servlet.FrameworkServlet.processRequest(FrameworkServlet.java:1006) [spring-webmvc-5.3.31.jar:5.3.31]
	at org.springframework.web.servlet.FrameworkServlet.doGet(FrameworkServlet.java:898) [spring-webmvc-5.3.31.jar:5.3.31]
	at javax.servlet.http.HttpServlet.service(HttpServlet.java:529) [servlet-api.jar:4.0.FR]
	at org.springframework.web.servlet.FrameworkServlet.service(FrameworkServlet.java:883) [spring-webmvc-5.3.31.jar:5.3.31]
	at javax.servlet.http.HttpServlet.service(HttpServlet.java:623) [servlet-api.jar:4.0.FR]
	at org.apache.catalina.core.ApplicationFilterChain.internalDoFilter(ApplicationFilterChain.java:209) [catalina.jar:9.0.86]
	at org.apache.catalina.core.ApplicationFilterChain.doFilter(ApplicationFilterChain.java:153) [catalina.jar:9.0.86]
	at org.apache.tomcat.websocket.server.WsFilter.doFilter(WsFilter.java:51) [tomcat-websocket.jar:9.0.86]
	at org.apache.catalina.core.ApplicationFilterChain.internalDoFilter(ApplicationFilterChain.java:178) [catalina.jar:9.0.86]
	at org.apache.catalina.core.ApplicationFilterChain.doFilter(ApplicationFilterChain.java:153) [catalina.jar:9.0.86]
	at org.joget.apps.app.web.GitRequestFilter.doFilter(GitRequestFilter.java:42) [classes/:?]
	at org.apache.catalina.core.ApplicationFilterChain.internalDoFilter(ApplicationFilterChain.java:178) [catalina.jar:9.0.86]
	at org.apache.catalina.core.ApplicationFilterChain.doFilter(ApplicationFilterChain.java:153) [catalina.jar:9.0.86]
	at org.joget.commons.util.AnalyzerFilter.doFilter_aroundBody0(AnalyzerFilter.java:17) [classes/:?]
	at org.joget.commons.util.AnalyzerFilter$AjcClosure1.run(AnalyzerFilter.java:1) [classes/:?]
	at org.aspectj.runtime.reflect.JoinPointImpl.proceed(JoinPointImpl.java:167) [aspectjrt-1.9.7.jar:?]
	at org.joget.commons.util.AnalyzerAspect.analyzeRequests(AnalyzerAspect.java:57) [classes/:?]
	at org.joget.commons.util.AnalyzerFilter.doFilter(AnalyzerFilter.java:17) [classes/:?]
	at org.apache.catalina.core.ApplicationFilterChain.internalDoFilter(ApplicationFilterChain.java:178) [catalina.jar:9.0.86]
	at org.apache.catalina.core.ApplicationFilterChain.doFilter(ApplicationFilterChain.java:153) [catalina.jar:9.0.86]
	at org.displaytag.filter.ResponseOverrideFilter.doFilter(ResponseOverrideFilter.java:125) [displaytag-patched-1.2.jar:?]
	at org.apache.catalina.core.ApplicationFilterChain.internalDoFilter(ApplicationFilterChain.java:178) [catalina.jar:9.0.86]
	at org.apache.catalina.core.ApplicationFilterChain.doFilter(ApplicationFilterChain.java:153) [catalina.jar:9.0.86]
	at org.owasp.csrfguard.CsrfGuardFilter.handleSession(CsrfGuardFilter.java:107) [csrfguard-4.2.0.jar:4.2.0]
	at org.owasp.csrfguard.CsrfGuardFilter.doFilter(CsrfGuardFilter.java:97) [csrfguard-4.2.0.jar:4.2.0]
	at org.owasp.csrfguard.CsrfGuardFilter.doFilter(CsrfGuardFilter.java:68) [csrfguard-4.2.0.jar:4.2.0]
	at org.apache.catalina.core.ApplicationFilterChain.internalDoFilter(ApplicationFilterChain.java:178) [catalina.jar:9.0.86]
	at org.apache.catalina.core.ApplicationFilterChain.doFilter(ApplicationFilterChain.java:153) [catalina.jar:9.0.86]
	at org.springframework.web.multipart.support.MultipartFilter.doFilterInternal(MultipartFilter.java:125) [spring-web-5.3.31.jar:5.3.31]
	at org.springframework.web.filter.OncePerRequestFilter.doFilter(OncePerRequestFilter.java:117) [spring-web-5.3.31.jar:5.3.31]
	at org.apache.catalina.core.ApplicationFilterChain.internalDoFilter(ApplicationFilterChain.java:178) [catalina.jar:9.0.86]
	at org.apache.catalina.core.ApplicationFilterChain.doFilter(ApplicationFilterChain.java:153) [catalina.jar:9.0.86]
	at org.springframework.security.web.FilterChainProxy$VirtualFilterChain.doFilter(FilterChainProxy.java:352) [spring-security-web-5.8.9.jar:5.8.9]
	at org.springframework.security.web.access.intercept.FilterSecurityInterceptor.invoke(FilterSecurityInterceptor.java:117) [spring-security-web-5.8.9.jar:5.8.9]
	at org.springframework.security.web.access.intercept.FilterSecurityInterceptor.doFilter(FilterSecurityInterceptor.java:83) [spring-security-web-5.8.9.jar:5.8.9]
	at org.springframework.security.web.FilterChainProxy$VirtualFilterChain.doFilter(FilterChainProxy.java:361) [spring-security-web-5.8.9.jar:5.8.9]
	at org.springframework.security.web.access.ExceptionTranslationFilter.doFilter(ExceptionTranslationFilter.java:126) [spring-security-web-5.8.9.jar:5.8.9]
	at org.springframework.security.web.access.ExceptionTranslationFilter.doFilter(ExceptionTranslationFilter.java:120) [spring-security-web-5.8.9.jar:5.8.9]
	at org.springframework.security.web.FilterChainProxy$VirtualFilterChain.doFilter(FilterChainProxy.java:361) [spring-security-web-5.8.9.jar:5.8.9]
	at org.springframework.security.web.session.SessionManagementFilter.doFilter(SessionManagementFilter.java:131) [spring-security-web-5.8.9.jar:5.8.9]
	at org.springframework.security.web.session.SessionManagementFilter.doFilter(SessionManagementFilter.java:85) [spring-security-web-5.8.9.jar:5.8.9]
	at org.springframework.security.web.FilterChainProxy$VirtualFilterChain.doFilter(FilterChainProxy.java:361) [spring-security-web-5.8.9.jar:5.8.9]
	at org.springframework.security.web.authentication.AnonymousAuthenticationFilter.doFilter(AnonymousAuthenticationFilter.java:100) [spring-security-web-5.8.9.jar:5.8.9]
	at org.springframework.security.web.FilterChainProxy$VirtualFilterChain.doFilter(FilterChainProxy.java:361) [spring-security-web-5.8.9.jar:5.8.9]
	at org.springframework.security.web.savedrequest.RequestCacheAwareFilter.doFilter(RequestCacheAwareFilter.java:63) [spring-security-web-5.8.9.jar:5.8.9]
	at org.springframework.security.web.FilterChainProxy$VirtualFilterChain.doFilter(FilterChainProxy.java:361) [spring-security-web-5.8.9.jar:5.8.9]
	at org.springframework.security.web.authentication.AbstractAuthenticationProcessingFilter.doFilter(AbstractAuthenticationProcessingFilter.java:227) [spring-security-web-5.8.9.jar:5.8.9]
	at org.springframework.security.web.authentication.AbstractAuthenticationProcessingFilter.doFilter(AbstractAuthenticationProcessingFilter.java:221) [spring-security-web-5.8.9.jar:5.8.9]
	at org.joget.apps.workflow.security.WorkflowHttpAuthProcessingFilter.doFilter(WorkflowHttpAuthProcessingFilter.java:88) [classes/:?]
	at org.springframework.security.web.FilterChainProxy$VirtualFilterChain.doFilter(FilterChainProxy.java:361) [spring-security-web-5.8.9.jar:5.8.9]
	at org.springframework.security.web.authentication.www.BasicAuthenticationFilter.doFilterInternal(BasicAuthenticationFilter.java:168) [spring-security-web-5.8.9.jar:5.8.9]
	at org.springframework.web.filter.OncePerRequestFilter.doFilter(OncePerRequestFilter.java:117) [spring-web-5.3.31.jar:5.3.31]
	at org.springframework.security.web.FilterChainProxy$VirtualFilterChain.doFilter(FilterChainProxy.java:361) [spring-security-web-5.8.9.jar:5.8.9]
	at org.springframework.security.web.authentication.AbstractAuthenticationProcessingFilter.doFilter(AbstractAuthenticationProcessingFilter.java:227) [spring-security-web-5.8.9.jar:5.8.9]
	at org.springframework.security.web.authentication.AbstractAuthenticationProcessingFilter.doFilter(AbstractAuthenticationProcessingFilter.java:221) [spring-security-web-5.8.9.jar:5.8.9]
	at org.springframework.security.web.FilterChainProxy$VirtualFilterChain.doFilter(FilterChainProxy.java:361) [spring-security-web-5.8.9.jar:5.8.9]
	at org.springframework.security.web.authentication.logout.LogoutFilter.doFilter(LogoutFilter.java:107) [spring-security-web-5.8.9.jar:5.8.9]
	at org.springframework.security.web.authentication.logout.LogoutFilter.doFilter(LogoutFilter.java:93) [spring-security-web-5.8.9.jar:5.8.9]
	at org.springframework.security.web.FilterChainProxy$VirtualFilterChain.doFilter(FilterChainProxy.java:361) [spring-security-web-5.8.9.jar:5.8.9]
	at org.springframework.security.web.header.HeaderWriterFilter.doHeadersAfter(HeaderWriterFilter.java:90) [spring-security-web-5.8.9.jar:5.8.9]
	at org.springframework.security.web.header.HeaderWriterFilter.doFilterInternal(HeaderWriterFilter.java:75) [spring-security-web-5.8.9.jar:5.8.9]
	at org.springframework.web.filter.OncePerRequestFilter.doFilter(OncePerRequestFilter.java:117) [spring-web-5.3.31.jar:5.3.31]
	at org.springframework.security.web.FilterChainProxy$VirtualFilterChain.doFilter(FilterChainProxy.java:361) [spring-security-web-5.8.9.jar:5.8.9]
	at org.springframework.security.web.context.request.async.WebAsyncManagerIntegrationFilter.doFilterInternal(WebAsyncManagerIntegrationFilter.java:62) [spring-security-web-5.8.9.jar:5.8.9]
	at org.springframework.web.filter.OncePerRequestFilter.doFilter(OncePerRequestFilter.java:117) [spring-web-5.3.31.jar:5.3.31]
	at org.springframework.security.web.FilterChainProxy$VirtualFilterChain.doFilter(FilterChainProxy.java:361) [spring-security-web-5.8.9.jar:5.8.9]
	at org.springframework.security.web.context.SecurityContextPersistenceFilter.doFilter(SecurityContextPersistenceFilter.java:117) [spring-security-web-5.8.9.jar:5.8.9]
	at org.springframework.security.web.context.SecurityContextPersistenceFilter.doFilter(SecurityContextPersistenceFilter.java:87) [spring-security-web-5.8.9.jar:5.8.9]
	at org.springframework.security.web.FilterChainProxy$VirtualFilterChain.doFilter(FilterChainProxy.java:361) [spring-security-web-5.8.9.jar:5.8.9]
	at org.springframework.security.web.session.DisableEncodeUrlFilter.doFilterInternal(DisableEncodeUrlFilter.java:42) [spring-security-web-5.8.9.jar:5.8.9]
	at org.springframework.web.filter.OncePerRequestFilter.doFilter(OncePerRequestFilter.java:117) [spring-web-5.3.31.jar:5.3.31]
	at org.springframework.security.web.FilterChainProxy$VirtualFilterChain.doFilter(FilterChainProxy.java:361) [spring-security-web-5.8.9.jar:5.8.9]
	at org.springframework.security.web.FilterChainProxy.doFilterInternal(FilterChainProxy.java:225) [spring-security-web-5.8.9.jar:5.8.9]
	at org.springframework.security.web.FilterChainProxy.doFilter(FilterChainProxy.java:190) [spring-security-web-5.8.9.jar:5.8.9]
	at org.springframework.web.filter.DelegatingFilterProxy.invokeDelegate(DelegatingFilterProxy.java:354) [spring-web-5.3.31.jar:5.3.31]
	at org.springframework.web.filter.DelegatingFilterProxy.doFilter(DelegatingFilterProxy.java:267) [spring-web-5.3.31.jar:5.3.31]
	at org.joget.commons.spring.web.CustomDelegatingFilterProxy.doFilter(CustomDelegatingFilterProxy.java:31) [classes/:?]
	at org.apache.catalina.core.ApplicationFilterChain.internalDoFilter(ApplicationFilterChain.java:178) [catalina.jar:9.0.86]
	at org.apache.catalina.core.ApplicationFilterChain.doFilter(ApplicationFilterChain.java:153) [catalina.jar:9.0.86]
	at org.joget.apps.app.web.ExpireFilter.doFilter(ExpireFilter.java:48) [classes/:?]
	at org.apache.catalina.core.ApplicationFilterChain.internalDoFilter(ApplicationFilterChain.java:178) [catalina.jar:9.0.86]
	at org.apache.catalina.core.ApplicationFilterChain.doFilter(ApplicationFilterChain.java:153) [catalina.jar:9.0.86]
	at org.springframework.web.filter.CharacterEncodingFilter.doFilterInternal(CharacterEncodingFilter.java:201) [spring-web-5.3.31.jar:5.3.31]
	at org.joget.apps.app.web.CustomCharacterEncodingFilter.doFilterInternal(CustomCharacterEncodingFilter.java:50) [classes/:?]
	at org.springframework.web.filter.OncePerRequestFilter.doFilter(OncePerRequestFilter.java:117) [spring-web-5.3.31.jar:5.3.31]
	at org.apache.catalina.core.ApplicationFilterChain.internalDoFilter(ApplicationFilterChain.java:178) [catalina.jar:9.0.86]
	at org.apache.catalina.core.ApplicationFilterChain.doFilter(ApplicationFilterChain.java:153) [catalina.jar:9.0.86]
	at org.apache.catalina.core.StandardWrapperValve.invoke(StandardWrapperValve.java:168) [catalina.jar:9.0.86]
	at org.apache.catalina.core.StandardContextValve.invoke(StandardContextValve.java:90) [catalina.jar:9.0.86]
	at org.apache.catalina.authenticator.AuthenticatorBase.invoke(AuthenticatorBase.java:481) [catalina.jar:9.0.86]
	at org.apache.catalina.core.StandardHostValve.invoke(StandardHostValve.java:130) [catalina.jar:9.0.86]
	at org.apache.catalina.valves.ErrorReportValve.invoke(ErrorReportValve.java:93) [catalina.jar:9.0.86]
	at org.apache.catalina.core.StandardEngineValve.invoke(StandardEngineValve.java:74) [catalina.jar:9.0.86]
	at org.apache.catalina.connector.CoyoteAdapter.service(CoyoteAdapter.java:346) [catalina.jar:9.0.86]
	at org.apache.coyote.http11.Http11Processor.service(Http11Processor.java:390) [tomcat-coyote.jar:9.0.86]
	at org.apache.coyote.AbstractProcessorLight.process(AbstractProcessorLight.java:63) [tomcat-coyote.jar:9.0.86]
	at org.apache.coyote.AbstractProtocol$ConnectionHandler.process(AbstractProtocol.java:928) [tomcat-coyote.jar:9.0.86]
	at org.apache.tomcat.util.net.NioEndpoint$SocketProcessor.doRun(NioEndpoint.java:1794) [tomcat-coyote.jar:9.0.86]
	at org.apache.tomcat.util.net.SocketProcessorBase.run(SocketProcessorBase.java:52) [tomcat-coyote.jar:9.0.86]
	at org.apache.tomcat.util.threads.ThreadPoolExecutor.runWorker(ThreadPoolExecutor.java:1191) [tomcat-util.jar:9.0.86]
	at org.apache.tomcat.util.threads.ThreadPoolExecutor$Worker.run(ThreadPoolExecutor.java:659) [tomcat-util.jar:9.0.86]
	at org.apache.tomcat.util.threads.TaskThread$WrappingRunnable.run(TaskThread.java:63) [tomcat-util.jar:9.0.86]
	at java.lang.Thread.run(Thread.java:829) [?:?]
INFO    27 May 2024 03:49:53 id.co.itasoft.esign.PDFFileDownloadCustom - addWatermark :R-000024
INFO    27 May 2024 03:49:53 id.co.itasoft.esign.PDFFileDownloadCustom - INTERNALWRITEWATERMARK
INFO    27 May 2024 03:49:53 id.co.itasoft.esign.PDFFileDownloadCustom - getHrefColumn :
INFO    27 May 2024 03:50:35 id.co.itasoft.esign.PDFFileDownloadCustom - getHrefColumn :
INFO    27 May 2024 03:50:35 id.co.itasoft.esign.PDFFileDownloadCustom - getHrefColumn :
INFO    27 May 2024 03:50:35 id.co.itasoft.esign.PDFFileDownloadCustom - getHrefColumn :
INFO    27 May 2024 03:50:35 id.co.itasoft.esign.PDFFileDownloadCustom - getHrefColumn :
INFO    27 May 2024 03:50:35 id.co.itasoft.esign.PDFFileDownloadCustom - getHrefColumn :
INFO    27 May 2024 03:50:54 id.co.itasoft.esign.PDFFileDownloadCustom - getHrefColumn :
INFO    27 May 2024 03:50:54 id.co.itasoft.esign.PDFFileDownloadCustom - getHrefColumn :
INFO    27 May 2024 03:50:54 id.co.itasoft.esign.PDFFileDownloadCustom - getHrefColumn :
INFO    27 May 2024 03:50:54 id.co.itasoft.esign.PDFFileDownloadCustom - getHrefColumn :
INFO    27 May 2024 03:50:54 id.co.itasoft.esign.PDFFileDownloadCustom - getHrefColumn :
INFO    27 May 2024 03:51:01 id.co.itasoft.esign.PDFFileDownloadCustom - getHrefColumn :
INFO    27 May 2024 03:51:01 id.co.itasoft.esign.PDFFileDownloadCustom - getHrefColumn :
INFO    27 May 2024 03:51:01 id.co.itasoft.esign.PDFFileDownloadCustom - getHrefColumn :
INFO    27 May 2024 03:51:01 id.co.itasoft.esign.PDFFileDownloadCustom - getHrefColumn :
INFO    27 May 2024 03:51:01 id.co.itasoft.esign.PDFFileDownloadCustom - getHrefColumn :
INFO    27 May 2024 05:59:21 id.co.itasoft.esign.PDFFileDownloadCustom - getHrefColumn :
INFO    27 May 2024 05:59:21 id.co.itasoft.esign.PDFFileDownloadCustom - getHrefColumn :
INFO    27 May 2024 05:59:21 id.co.itasoft.esign.PDFFileDownloadCustom - getHrefColumn :
INFO    27 May 2024 05:59:21 id.co.itasoft.esign.PDFFileDownloadCustom - getHrefColumn :
INFO    27 May 2024 05:59:21 id.co.itasoft.esign.PDFFileDownloadCustom - getHrefColumn :
INFO    27 May 2024 06:07:13 id.co.itasoft.esign.PDFFileDownloadCustom - getHrefColumn :
INFO    27 May 2024 06:07:13 id.co.itasoft.esign.PDFFileDownloadCustom - getHrefColumn :
INFO    27 May 2024 06:07:13 id.co.itasoft.esign.PDFFileDownloadCustom - getHrefColumn :
INFO    27 May 2024 06:07:13 id.co.itasoft.esign.PDFFileDownloadCustom - getHrefColumn :
INFO    27 May 2024 06:07:13 id.co.itasoft.esign.PDFFileDownloadCustom - getHrefColumn :
INFO    27 May 2024 06:07:17 id.co.itasoft.esign.PDFFileDownloadCustom - getHrefColumn :
INFO    27 May 2024 06:07:17 id.co.itasoft.esign.PDFFileDownloadCustom - getHrefColumn :
INFO    27 May 2024 06:07:17 id.co.itasoft.esign.PDFFileDownloadCustom - getHrefColumn :
INFO    27 May 2024 06:07:17 id.co.itasoft.esign.PDFFileDownloadCustom - getHrefColumn :
INFO    27 May 2024 06:07:17 id.co.itasoft.esign.PDFFileDownloadCustom - getHrefColumn :
INFO    27 May 2024 06:07:54 org.joget.apps.app.service.AppDevUtil - Commit to Git repo by admin: Update userview v. _
INFO    27 May 2024 06:08:03 id.co.itasoft.esign.PDFFileDownloadCustom - getProperties
INFO    27 May 2024 06:08:10 org.joget.apps.app.service.AppDevUtil - Commit to Git repo by admin: Update list list_FormApprovalDocument. _
INFO    27 May 2024 06:08:22 id.co.itasoft.esign.PDFFileDownloadCustom - getHrefColumn :
INFO    27 May 2024 06:08:22 id.co.itasoft.esign.PDFFileDownloadCustom - getHrefColumn :
INFO    27 May 2024 06:08:22 id.co.itasoft.esign.PDFFileDownloadCustom - getHrefColumn :
INFO    27 May 2024 06:08:22 id.co.itasoft.esign.PDFFileDownloadCustom - getHrefColumn :
INFO    27 May 2024 06:08:22 id.co.itasoft.esign.PDFFileDownloadCustom - getHrefColumn :
INFO    27 May 2024 06:08:27 id.co.itasoft.esign.PDFFileDownloadCustom - getHrefColumn :
INFO    27 May 2024 06:08:27 id.co.itasoft.esign.PDFFileDownloadCustom - getHrefColumn :
INFO    27 May 2024 06:08:27 id.co.itasoft.esign.PDFFileDownloadCustom - getHrefColumn :
INFO    27 May 2024 06:08:27 id.co.itasoft.esign.PDFFileDownloadCustom - getHrefColumn :
INFO    27 May 2024 06:08:27 id.co.itasoft.esign.PDFFileDownloadCustom - getHrefColumn :
INFO    27 May 2024 06:08:52 id.co.itasoft.esign.PDFFileDownloadCustom - getHrefColumn :
INFO    27 May 2024 06:08:52 id.co.itasoft.esign.PDFFileDownloadCustom - getHrefColumn :
INFO    27 May 2024 06:08:52 id.co.itasoft.esign.PDFFileDownloadCustom - getHrefColumn :
INFO    27 May 2024 06:08:52 id.co.itasoft.esign.PDFFileDownloadCustom - getHrefColumn :
INFO    27 May 2024 06:08:52 id.co.itasoft.esign.PDFFileDownloadCustom - getHrefColumn :
INFO    27 May 2024 06:09:11 org.joget.apps.app.service.AppDevUtil - Commit to Git repo by admin: Update userview v. _
INFO    27 May 2024 06:10:57 org.joget.apps.app.service.AppDevUtil - Commit to Git repo by admin: Update userview v. _
INFO    27 May 2024 06:11:53 org.joget.marketplace.DatabaseQueryProcessTool - Query: select distinct ss.c_request_id from app_fd_document_signatures ss where ss.c_request_id = 'R-000024'
INFO    27 May 2024 06:11:53 org.joget.marketplace.DatabaseQueryProcessTool - Rows returned: [{c_request_id=R-000024}]
INFO    27 May 2024 06:37:51 id.co.itasoft.esign.PDFFileDownloadCustom - getProperties
INFO    28 May 2024 06:10:50 id.co.itasoft.esign.PDFFileDownloadCustom - getHrefColumn :
INFO    28 May 2024 06:10:50 id.co.itasoft.esign.PDFFileDownloadCustom - getHrefColumn :
INFO    28 May 2024 06:10:50 id.co.itasoft.esign.PDFFileDownloadCustom - getHrefColumn :
INFO    28 May 2024 06:10:50 id.co.itasoft.esign.PDFFileDownloadCustom - getHrefColumn :
INFO    28 May 2024 06:10:50 id.co.itasoft.esign.PDFFileDownloadCustom - getHrefColumn :
INFO    28 May 2024 06:10:50 id.co.itasoft.esign.PDFFileDownloadCustom - getHrefColumn :
INFO    28 May 2024 06:10:59 id.co.itasoft.esign.PDFFileDownloadCustom - getProperties
INFO    28 May 2024 06:11:06 id.co.itasoft.esign.PDFFileDownloadCustom - getProperties
INFO    28 May 2024 06:12:25 id.co.itasoft.esign.PDFFileDownloadCustom - getProperties
INFO    28 May 2024 06:12:57 org.joget.apps.app.service.AppDevUtil - Commit to Git repo by admin: Update list requestPDFGeneration. _
INFO    28 May 2024 06:13:10 id.co.itasoft.esign.PDFFileDownloadCustom - getHrefColumn :
INFO    28 May 2024 06:13:10 id.co.itasoft.esign.PDFFileDownloadCustom - getHrefColumn :
INFO    28 May 2024 06:13:10 id.co.itasoft.esign.PDFFileDownloadCustom - getHrefColumn :
INFO    28 May 2024 06:13:10 id.co.itasoft.esign.PDFFileDownloadCustom - getHrefColumn :
INFO    28 May 2024 06:13:10 id.co.itasoft.esign.PDFFileDownloadCustom - getHrefColumn :
INFO    28 May 2024 06:13:10 id.co.itasoft.esign.PDFFileDownloadCustom - getHrefColumn :
INFO    04 Jun 2024 02:01:07 org.displaytag.export.ExportViewFactory - Initializing ExportViewFactory with type={csv,excel,xml,pdf}
